2022-12-07 04:34:19 - Task preparing to start
Dec  7 23:43:26 2022-12-08 08:43:26.697840+09:00 #011Waiting for the next 9am - 0.2833 hours
Dec  8 00:00:32 =======2022-12-08 09:00:32.033104+09:00=======
Dec  8 00:00:32 [37750,45150,5920]
Dec  8 00:00:32 disc_rate_ins=5.5076%
Dec  8 00:00:32 disc_rate_sec=2.4335%
Dec  8 00:00:32 Sleeping for an hour
Dec  8 01:00:40 =======2022-12-08 10:00:40.555343+09:00=======
Dec  8 01:00:40 [37300,45100,5760]
Dec  8 01:00:40 disc_rate_ins=4.4735%
Dec  8 01:00:40 disc_rate_sec=3.9252%
Dec  8 01:01:45 =======2022-12-08 10:01:45.554214+09:00=======
Dec  8 01:01:45 [37250,45000,5750]
Dec  8 01:01:45 disc_rate_ins=4.5574%
Dec  8 01:01:45 disc_rate_sec=3.9633%
Dec  8 01:02:50 =======2022-12-08 10:02:50.267010+09:00=======
Dec  8 01:02:50 [37300,44900,5740]
Dec  8 01:02:50 disc_rate_ins=4.8971%
Dec  8 01:02:50 disc_rate_sec=4.2588%
Dec  8 01:03:55 =======2022-12-08 10:03:55.030102+09:00=======
Dec  8 01:03:55 [37250,44900,5740]
Dec  8 01:03:55 disc_rate_ins=4.7694%
Dec  8 01:03:55 disc_rate_sec=4.1303%
Dec  8 01:04:59 =======2022-12-08 10:04:59.710815+09:00=======
Dec  8 01:04:59 [37300,44950,5730]
Dec  8 01:04:59 disc_rate_ins=4.7912%
Dec  8 01:04:59 disc_rate_sec=4.4256%
Dec  8 01:06:04 =======2022-12-08 10:06:04.429490+09:00=======
Dec  8 01:06:04 [37350,45050,5730]
Dec  8 01:06:04 disc_rate_ins=4.7071%
Dec  8 01:06:04 disc_rate_sec=4.5536%
Dec  8 01:07:09 =======2022-12-08 10:07:09.233005+09:00=======
Dec  8 01:07:09 [37300,45050,5740]
Dec  8 01:07:09 disc_rate_ins=4.5794%
Dec  8 01:07:09 disc_rate_sec=4.2588%
Dec  8 01:08:14 =======2022-12-08 10:08:14.010189+09:00=======
Dec  8 01:08:14 [37350,44950,5730]
Dec  8 01:08:14 disc_rate_ins=4.9186%
Dec  8 01:08:14 disc_rate_sec=4.5536%
Dec  8 01:09:18 =======2022-12-08 10:09:18.752267+09:00=======
Dec  8 01:09:18 [37350,44900,5730]
Dec  8 01:09:18 disc_rate_ins=5.0244%
Dec  8 01:09:18 disc_rate_sec=4.5536%
Dec  8 01:10:23 =======2022-12-08 10:10:23.628244+09:00=======
Dec  8 01:10:23 [37350,45050,5740]
Dec  8 01:10:23 disc_rate_ins=4.7071%
Dec  8 01:10:23 disc_rate_sec=4.3870%
Dec  8 01:11:28 =======2022-12-08 10:11:28.243857+09:00=======
Dec  8 01:11:28 [37350,44950,5740]
Dec  8 01:11:28 disc_rate_ins=4.9186%
Dec  8 01:11:28 disc_rate_sec=4.3870%
Dec  8 01:12:33 =======2022-12-08 10:12:33.022245+09:00=======
Dec  8 01:12:33 [37350,44950,5740]
Dec  8 01:12:33 disc_rate_ins=4.9186%
Dec  8 01:12:33 disc_rate_sec=4.3870%
Dec  8 01:13:37 =======2022-12-08 10:13:37.627089+09:00=======
Dec  8 01:13:37 [37400,45050,5740]
Dec  8 01:13:37 disc_rate_ins=4.8345%
Dec  8 01:13:37 disc_rate_sec=4.5148%
Dec  8 01:14:42 =======2022-12-08 10:14:42.184519+09:00=======
Dec  8 01:14:42 [37400,45000,5740]
Dec  8 01:14:42 disc_rate_ins=4.9401%
Dec  8 01:14:42 disc_rate_sec=4.5148%
Dec  8 01:15:46 =======2022-12-08 10:15:46.863489+09:00=======
Dec  8 01:15:46 [37350,45000,5750]
Dec  8 01:15:46 disc_rate_ins=4.8129%
Dec  8 01:15:46 disc_rate_sec=4.2204%
Dec  8 01:16:51 =======2022-12-08 10:16:51.651465+09:00=======
Dec  8 01:16:51 [37400,44950,5730]
Dec  8 01:16:51 disc_rate_ins=5.0458%
Dec  8 01:16:51 disc_rate_sec=4.6812%
Dec  8 01:17:56 =======2022-12-08 10:17:56.349048+09:00=======
Dec  8 01:17:56 [37400,45050,5720]
Dec  8 01:17:56 disc_rate_ins=4.8345%
Dec  8 01:17:56 disc_rate_sec=4.8475%
Dec  8 01:19:00 =======2022-12-08 10:19:00.982619+09:00=======
Dec  8 01:19:00 [37400,44950,5740]
Dec  8 01:19:00 disc_rate_ins=5.0458%
Dec  8 01:19:00 disc_rate_sec=4.5148%
Dec  8 01:20:05 =======2022-12-08 10:20:05.916838+09:00=======
Dec  8 01:20:05 [37350,45000,5740]
Dec  8 01:20:05 disc_rate_ins=4.8129%
Dec  8 01:20:05 disc_rate_sec=4.3870%
Dec  8 01:21:10 =======2022-12-08 10:21:10.786684+09:00=======
Dec  8 01:21:10 [37350,45000,5740]
Dec  8 01:21:10 disc_rate_ins=4.8129%
Dec  8 01:21:10 disc_rate_sec=4.3870%
Dec  8 01:22:15 =======2022-12-08 10:22:15.809766+09:00=======
Dec  8 01:22:15 [37400,45050,5740]
Dec  8 01:22:15 disc_rate_ins=4.8345%
Dec  8 01:22:15 disc_rate_sec=4.5148%
Dec  8 01:23:20 =======2022-12-08 10:23:20.783301+09:00=======
Dec  8 01:23:20 [37400,44950,5750]
Dec  8 01:23:20 disc_rate_ins=5.0458%
Dec  8 01:23:20 disc_rate_sec=4.3485%
Dec  8 01:24:25 =======2022-12-08 10:24:25.304051+09:00=======
Dec  8 01:24:25 [37400,45000,5740]
Dec  8 01:24:25 disc_rate_ins=4.9401%
Dec  8 01:24:25 disc_rate_sec=4.5148%
Dec  8 01:25:29 =======2022-12-08 10:25:29.871126+09:00=======
Dec  8 01:25:29 [37400,44950,5740]
Dec  8 01:25:29 disc_rate_ins=5.0458%
Dec  8 01:25:29 disc_rate_sec=4.5148%
Dec  8 01:26:34 =======2022-12-08 10:26:34.527911+09:00=======
Dec  8 01:26:34 [37450,44950,5770]
Dec  8 01:26:34 disc_rate_ins=5.1725%
Dec  8 01:26:34 disc_rate_sec=4.1439%
Dec  8 01:27:39 =======2022-12-08 10:27:39.279669+09:00=======
Dec  8 01:27:39 [37550,45150,5780]
Dec  8 01:27:39 disc_rate_ins=5.0043%
Dec  8 01:27:39 disc_rate_sec=4.2335%
Dec  8 01:28:43 =======2022-12-08 10:28:43.928286+09:00=======
Dec  8 01:28:43 [37600,45100,5780]
Dec  8 01:28:43 disc_rate_ins=5.2357%
Dec  8 01:28:43 disc_rate_sec=4.3608%
Dec  8 01:29:49 =======2022-12-08 10:29:49.149017+09:00=======
Dec  8 01:29:49 [37550,45100,5770]
Dec  8 01:29:49 disc_rate_ins=5.1095%
Dec  8 01:29:49 disc_rate_sec=4.3992%
Dec  8 01:30:53 =======2022-12-08 10:30:53.805935+09:00=======
Dec  8 01:30:53 [37550,45150,5760]
Dec  8 01:30:53 disc_rate_ins=5.0043%
Dec  8 01:30:53 disc_rate_sec=4.5649%
Dec  8 01:31:58 =======2022-12-08 10:31:58.543708+09:00=======
Dec  8 01:31:58 [37550,45400,5780]
Dec  8 01:31:58 disc_rate_ins=4.4783%
Dec  8 01:31:58 disc_rate_sec=4.2335%
Dec  8 01:33:03 =======2022-12-08 10:33:03.610779+09:00=======
Dec  8 01:33:03 [37700,45400,5780]
Dec  8 01:33:03 disc_rate_ins=4.8583%
Dec  8 01:33:03 disc_rate_sec=4.6145%
Dec  8 01:34:08 =======2022-12-08 10:34:08.405913+09:00=======
Dec  8 01:34:08 [37700,45350,5810]
Dec  8 01:34:08 disc_rate_ins=4.9631%
Dec  8 01:34:08 disc_rate_sec=4.1194%
Dec  8 01:35:13 =======2022-12-08 10:35:13.134283+09:00=======
Dec  8 01:35:13 [37650,45250,5780]
Dec  8 01:35:13 disc_rate_ins=5.0467%
Dec  8 01:35:13 disc_rate_sec=4.4879%
Dec  8 01:36:18 =======2022-12-08 10:36:18.237460+09:00=======
Dec  8 01:36:18 [37650,45300,5780]
Dec  8 01:36:18 disc_rate_ins=4.9418%
Dec  8 01:36:18 disc_rate_sec=4.4879%
Dec  8 01:37:22 =======2022-12-08 10:37:22.753543+09:00=======
Dec  8 01:37:22 [37600,45250,5800]
Dec  8 01:37:22 disc_rate_ins=4.9205%
Dec  8 01:37:22 disc_rate_sec=4.0299%
Dec  8 01:38:27 =======2022-12-08 10:38:27.530775+09:00=======
Dec  8 01:38:27 [37600,45250,5790]
Dec  8 01:38:27 disc_rate_ins=4.9205%
Dec  8 01:38:27 disc_rate_sec=4.1954%
Dec  8 01:39:32 =======2022-12-08 10:39:32.178544+09:00=======
Dec  8 01:39:32 [37750,45300,5790]
Dec  8 01:39:32 disc_rate_ins=5.1936%
Dec  8 01:39:32 disc_rate_sec=4.5761%
Dec  8 01:40:37 =======2022-12-08 10:40:37.169446+09:00=======
Dec  8 01:40:37 [37750,45300,5790]
Dec  8 01:40:37 disc_rate_ins=5.1936%
Dec  8 01:40:37 disc_rate_sec=4.5761%
Dec  8 01:41:41 =======2022-12-08 10:41:41.805600+09:00=======
Dec  8 01:41:41 [37700,45450,5790]
Dec  8 01:41:41 disc_rate_ins=4.7536%
Dec  8 01:41:41 disc_rate_sec=4.4495%
Dec  8 01:42:52 =======2022-12-08 10:42:52.134176+09:00=======
Dec  8 01:42:52 [37700,45450,5800]
Dec  8 01:42:52 disc_rate_ins=4.7536%
Dec  8 01:42:52 disc_rate_sec=4.2845%
Dec  8 01:43:56 =======2022-12-08 10:43:56.706083+09:00=======
Dec  8 01:43:56 [37650,45350,5800]
Dec  8 01:43:56 disc_rate_ins=4.8369%
Dec  8 01:43:56 disc_rate_sec=4.1574%
Dec  8 01:45:01 =======2022-12-08 10:45:01.387058+09:00=======
Dec  8 01:45:01 [37700,45350,5800]
Dec  8 01:45:01 disc_rate_ins=4.9631%
Dec  8 01:45:01 disc_rate_sec=4.2845%
Dec  8 01:46:06 =======2022-12-08 10:46:06.332785+09:00=======
Dec  8 01:46:06 [37700,45450,5800]
Dec  8 01:46:06 disc_rate_ins=4.7536%
Dec  8 01:46:06 disc_rate_sec=4.2845%
Dec  8 01:47:11 =======2022-12-08 10:47:11.093743+09:00=======
Dec  8 01:47:11 [37750,45350,5790]
Dec  8 01:47:11 disc_rate_ins=5.0890%
Dec  8 01:47:11 disc_rate_sec=4.5761%
Dec  8 01:48:15 =======2022-12-08 10:48:15.843753+09:00=======
Dec  8 01:48:15 [37700,45400,5810]
Dec  8 01:48:15 disc_rate_ins=4.8583%
Dec  8 01:48:15 disc_rate_sec=4.1194%
Dec  8 01:49:20 =======2022-12-08 10:49:20.685844+09:00=======
Dec  8 01:49:20 [37650,45350,5800]
Dec  8 01:49:20 disc_rate_ins=4.8369%
Dec  8 01:49:20 disc_rate_sec=4.1574%
Dec  8 01:50:25 =======2022-12-08 10:50:25.204645+09:00=======
Dec  8 01:50:25 [37750,45350,5800]
Dec  8 01:50:25 disc_rate_ins=5.0890%
Dec  8 01:50:25 disc_rate_sec=4.4112%
Dec  8 01:51:30 =======2022-12-08 10:51:30.033186+09:00=======
Dec  8 01:51:30 [37750,45400,5810]
Dec  8 01:51:30 disc_rate_ins=4.9843%
Dec  8 01:51:30 disc_rate_sec=4.2464%
Dec  8 01:52:35 =======2022-12-08 10:52:35.127692+09:00=======
Dec  8 01:52:35 [37800,45600,5820]
Dec  8 01:52:35 disc_rate_ins=4.6920%
Dec  8 01:52:35 disc_rate_sec=4.2085%
Dec  8 01:53:39 =======2022-12-08 10:53:39.692325+09:00=======
Dec  8 01:53:39 [37800,45450,5810]
Dec  8 01:53:39 disc_rate_ins=5.0055%
Dec  8 01:53:39 disc_rate_sec=4.3731%
Dec  8 01:54:44 =======2022-12-08 10:54:44.530125+09:00=======
Dec  8 01:54:44 [37850,45550,5810]
Dec  8 01:54:44 disc_rate_ins=4.9223%
Dec  8 01:54:44 disc_rate_sec=4.4994%
Dec  8 01:55:49 =======2022-12-08 10:55:49.399795+09:00=======
Dec  8 01:55:49 [37900,45450,5810]
Dec  8 01:55:49 disc_rate_ins=5.2562%
Dec  8 01:55:49 disc_rate_sec=4.6254%
Dec  8 01:56:54 =======2022-12-08 10:56:54.143415+09:00=======
Dec  8 01:56:54 [37850,45500,5810]
Dec  8 01:56:54 disc_rate_ins=5.0266%
Dec  8 01:56:54 disc_rate_sec=4.4994%
Dec  8 01:57:58 =======2022-12-08 10:57:58.724864+09:00=======
Dec  8 01:57:58 [37800,45550,5820]
Dec  8 01:57:58 disc_rate_ins=4.7965%
Dec  8 01:57:58 disc_rate_sec=4.2085%
Dec  8 01:59:03 =======2022-12-08 10:59:03.597856+09:00=======
Dec  8 01:59:03 [37800,45550,5810]
Dec  8 01:59:03 disc_rate_ins=4.7965%
Dec  8 01:59:03 disc_rate_sec=4.3731%
Dec  8 02:00:08 =======2022-12-08 11:00:08.357764+09:00=======
Dec  8 02:00:08 [37850,45500,5790]
Dec  8 02:00:08 disc_rate_ins=5.0266%
Dec  8 02:00:08 disc_rate_sec=4.8282%
Dec  8 02:01:13 =======2022-12-08 11:01:13.061634+09:00=======
Dec  8 02:01:13 [37850,45700,5790]
Dec  8 02:01:13 disc_rate_ins=4.6092%
Dec  8 02:01:13 disc_rate_sec=4.8282%
Dec  8 02:02:17 =======2022-12-08 11:02:17.755552+09:00=======
Dec  8 02:02:17 [37950,45700,5820]
Dec  8 02:02:17 disc_rate_ins=4.8605%
Dec  8 02:02:17 disc_rate_sec=4.5871%
Dec  8 02:03:22 =======2022-12-08 11:03:22.372729+09:00=======
Dec  8 02:03:22 [37900,45650,5810]
Dec  8 02:03:22 disc_rate_ins=4.8393%
Dec  8 02:03:22 disc_rate_sec=4.6254%
Dec  8 02:04:27 =======2022-12-08 11:04:27.152501+09:00=======
Dec  8 02:04:27 [37800,45600,5810]
Dec  8 02:04:27 disc_rate_ins=4.6920%
Dec  8 02:04:27 disc_rate_sec=4.3731%
Dec  8 02:05:31 =======2022-12-08 11:05:31.751028+09:00=======
Dec  8 02:05:31 [37750,45550,5820]
Dec  8 02:05:31 disc_rate_ins=4.6704%
Dec  8 02:05:31 disc_rate_sec=4.0816%
Dec  8 02:06:36 =======2022-12-08 11:06:36.686243+09:00=======
Dec  8 02:06:36 [37700,45550,5820]
Dec  8 02:06:36 disc_rate_ins=4.5440%
Dec  8 02:06:36 disc_rate_sec=3.9544%
Dec  8 02:07:41 =======2022-12-08 11:07:41.252128+09:00=======
Dec  8 02:07:41 [37750,45500,5820]
Dec  8 02:07:41 disc_rate_ins=4.7751%
Dec  8 02:07:41 disc_rate_sec=4.0816%
Dec  8 02:08:46 =======2022-12-08 11:08:46.193836+09:00=======
Dec  8 02:08:46 [37750,45500,5810]
Dec  8 02:08:46 disc_rate_ins=4.7751%
Dec  8 02:08:46 disc_rate_sec=4.2464%
Dec  8 02:09:50 =======2022-12-08 11:09:50.967663+09:00=======
Dec  8 02:09:50 [37700,45500,5810]
Dec  8 02:09:50 disc_rate_ins=4.6488%
Dec  8 02:09:50 disc_rate_sec=4.1194%
Dec  8 02:10:55 =======2022-12-08 11:10:55.595940+09:00=======
Dec  8 02:10:55 [37750,45550,5810]
Dec  8 02:10:55 disc_rate_ins=4.6704%
Dec  8 02:10:55 disc_rate_sec=4.2464%
Dec  8 02:12:00 =======2022-12-08 11:12:00.369394+09:00=======
Dec  8 02:12:00 [37700,45550,5810]
Dec  8 02:12:00 disc_rate_ins=4.5440%
Dec  8 02:12:00 disc_rate_sec=4.1194%
Dec  8 02:13:06 =======2022-12-08 11:13:06.482654+09:00=======
Dec  8 02:13:06 [37700,45600,5830]
Dec  8 02:13:06 disc_rate_ins=4.4392%
Dec  8 02:13:06 disc_rate_sec=3.7894%
Dec  8 02:14:11 =======2022-12-08 11:14:11.970074+09:00=======
Dec  8 02:14:11 [37750,45600,5810]
Dec  8 02:14:11 disc_rate_ins=4.5658%
Dec  8 02:14:11 disc_rate_sec=4.2464%
Dec  8 02:15:17 =======2022-12-08 11:15:17.199030+09:00=======
Dec  8 02:15:17 [37850,45600,5820]
Dec  8 02:15:17 disc_rate_ins=4.8179%
Dec  8 02:15:17 disc_rate_sec=4.3350%
Dec  8 02:16:23 =======2022-12-08 11:16:23.452051+09:00=======
Dec  8 02:16:23 [37800,45600,5820]
Dec  8 02:16:23 disc_rate_ins=4.6920%
Dec  8 02:16:23 disc_rate_sec=4.2085%
Dec  8 02:17:29 =======2022-12-08 11:17:29.563229+09:00=======
Dec  8 02:17:29 [37800,45500,5820]
Dec  8 02:17:29 disc_rate_ins=4.9010%
Dec  8 02:17:29 disc_rate_sec=4.2085%
Dec  8 02:18:35 =======2022-12-08 11:18:35.844128+09:00=======
Dec  8 02:18:35 [37750,45450,5820]
Dec  8 02:18:35 disc_rate_ins=4.8797%
Dec  8 02:18:35 disc_rate_sec=4.0816%
Dec  8 02:19:42 =======2022-12-08 11:19:42.030649+09:00=======
Dec  8 02:19:42 [37750,45500,5810]
Dec  8 02:19:42 disc_rate_ins=4.7751%
Dec  8 02:19:42 disc_rate_sec=4.2464%
Dec  8 02:20:47 =======2022-12-08 11:20:47.740375+09:00=======
Dec  8 02:20:47 [37800,45400,5810]
Dec  8 02:20:47 disc_rate_ins=5.1100%
Dec  8 02:20:47 disc_rate_sec=4.3731%
Dec  8 02:21:54 =======2022-12-08 11:21:54.226582+09:00=======
Dec  8 02:21:54 [37750,45400,5810]
Dec  8 02:21:54 disc_rate_ins=4.9843%
Dec  8 02:21:54 disc_rate_sec=4.2464%
Dec  8 02:22:59 =======2022-12-08 11:22:59.596585+09:00=======
Dec  8 02:22:59 [37750,45400,5810]
Dec  8 02:22:59 disc_rate_ins=4.9843%
Dec  8 02:22:59 disc_rate_sec=4.2464%
Dec  8 02:24:05 =======2022-12-08 11:24:05.984755+09:00=======
Dec  8 02:24:05 [37700,45350,5800]
Dec  8 02:24:05 disc_rate_ins=4.9631%
Dec  8 02:24:05 disc_rate_sec=4.2845%
Dec  8 02:25:11 =======2022-12-08 11:25:11.199354+09:00=======
Dec  8 02:25:11 [37650,45350,5800]
Dec  8 02:25:11 disc_rate_ins=4.8369%
Dec  8 02:25:11 disc_rate_sec=4.1574%
Dec  8 02:26:16 =======2022-12-08 11:26:16.968125+09:00=======
Dec  8 02:26:16 [37650,45250,5800]
Dec  8 02:26:16 disc_rate_ins=5.0467%
Dec  8 02:26:16 disc_rate_sec=4.1574%
Dec  8 02:27:27 =======2022-12-08 11:27:27.272184+09:00=======
Dec  8 02:27:27 [37650,45250,5800]
Dec  8 02:27:27 disc_rate_ins=5.0467%
Dec  8 02:27:27 disc_rate_sec=4.1574%
Dec  8 02:28:32 =======2022-12-08 11:28:32.026100+09:00=======
Dec  8 02:28:32 [37700,45250,5800]
Dec  8 02:28:32 disc_rate_ins=5.1727%
Dec  8 02:28:32 disc_rate_sec=4.2845%
Dec  8 02:29:37 =======2022-12-08 11:29:37.153748+09:00=======
Dec  8 02:29:37 [37700,45500,5800]
Dec  8 02:29:37 disc_rate_ins=4.6488%
Dec  8 02:29:37 disc_rate_sec=4.2845%
Dec  8 02:30:41 =======2022-12-08 11:30:41.856966+09:00=======
Dec  8 02:30:41 [37650,45500,5790]
Dec  8 02:30:41 disc_rate_ins=4.5221%
Dec  8 02:30:41 disc_rate_sec=4.3226%
Dec  8 02:31:46 =======2022-12-08 11:31:46.661280+09:00=======
Dec  8 02:31:46 [37650,45450,5790]
Dec  8 02:31:46 disc_rate_ins=4.6271%
Dec  8 02:31:46 disc_rate_sec=4.3226%
Dec  8 02:32:51 =======2022-12-08 11:32:51.508707+09:00=======
Dec  8 02:32:51 [37650,45550,5790]
Dec  8 02:32:51 disc_rate_ins=4.4172%
Dec  8 02:32:51 disc_rate_sec=4.3226%
Dec  8 02:33:56 =======2022-12-08 11:33:56.036037+09:00=======
Dec  8 02:33:56 [37750,45500,5790]
Dec  8 02:33:56 disc_rate_ins=4.7751%
Dec  8 02:33:56 disc_rate_sec=4.5761%
Dec  8 02:35:01 =======2022-12-08 11:35:01.057426+09:00=======
Dec  8 02:35:01 [37650,45500,5790]
Dec  8 02:35:01 disc_rate_ins=4.5221%
Dec  8 02:35:01 disc_rate_sec=4.3226%
Dec  8 02:36:05 =======2022-12-08 11:36:05.608967+09:00=======
Dec  8 02:36:05 [37650,45500,5790]
Dec  8 02:36:05 disc_rate_ins=4.5221%
Dec  8 02:36:05 disc_rate_sec=4.3226%
Dec  8 02:37:10 =======2022-12-08 11:37:10.360775+09:00=======
Dec  8 02:37:10 [37650,45500,5790]
Dec  8 02:37:10 disc_rate_ins=4.5221%
Dec  8 02:37:10 disc_rate_sec=4.3226%
Dec  8 02:38:15 =======2022-12-08 11:38:15.362652+09:00=======
Dec  8 02:38:15 [37550,45450,5790]
Dec  8 02:38:15 disc_rate_ins=4.3731%
Dec  8 02:38:15 disc_rate_sec=4.0678%
Dec  8 02:39:20 =======2022-12-08 11:39:20.076308+09:00=======
Dec  8 02:39:20 [37550,45500,5790]
Dec  8 02:39:20 disc_rate_ins=4.2679%
Dec  8 02:39:20 disc_rate_sec=4.0678%
Dec  8 02:40:24 =======2022-12-08 11:40:24.691184+09:00=======
Dec  8 02:40:24 [37550,45450,5790]
Dec  8 02:40:24 disc_rate_ins=4.3731%
Dec  8 02:40:24 disc_rate_sec=4.0678%
Dec  8 02:41:29 =======2022-12-08 11:41:29.523468+09:00=======
Dec  8 02:41:29 [37500,45450,5790]
Dec  8 02:41:29 disc_rate_ins=4.2456%
Dec  8 02:41:29 disc_rate_sec=3.9399%
Dec  8 02:42:34 =======2022-12-08 11:42:34.302184+09:00=======
Dec  8 02:42:34 [37550,45350,5790]
Dec  8 02:42:34 disc_rate_ins=4.5835%
Dec  8 02:42:34 disc_rate_sec=4.0678%
Dec  8 02:43:39 =======2022-12-08 11:43:39.258780+09:00=======
Dec  8 02:43:39 [37500,45350,5810]
Dec  8 02:43:39 disc_rate_ins=4.4563%
Dec  8 02:43:39 disc_rate_sec=3.6081%
Dec  8 02:44:44 =======2022-12-08 11:44:44.263946+09:00=======
Dec  8 02:44:44 [37500,45400,5810]
Dec  8 02:44:44 disc_rate_ins=4.3509%
Dec  8 02:44:44 disc_rate_sec=3.6081%
Dec  8 02:45:48 =======2022-12-08 11:45:48.811243+09:00=======
Dec  8 02:45:48 [37500,45400,5820]
Dec  8 02:45:48 disc_rate_ins=4.3509%
Dec  8 02:45:48 disc_rate_sec=3.4422%
Dec  8 02:46:53 =======2022-12-08 11:46:53.698633+09:00=======
Dec  8 02:46:53 [37550,45500,5810]
Dec  8 02:46:53 disc_rate_ins=4.2679%
Dec  8 02:46:53 disc_rate_sec=3.7364%
Dec  8 02:47:58 =======2022-12-08 11:47:58.409435+09:00=======
Dec  8 02:47:58 [37600,45450,5810]
Dec  8 02:47:58 disc_rate_ins=4.5002%
Dec  8 02:47:58 disc_rate_sec=3.8644%
Dec  8 02:49:07 =======2022-12-08 11:49:07.979950+09:00=======
Dec  8 02:49:07 [37600,45450,5810]
Dec  8 02:49:07 disc_rate_ins=4.5002%
Dec  8 02:49:07 disc_rate_sec=3.8644%
Dec  8 02:50:12 =======2022-12-08 11:50:12.481062+09:00=======
Dec  8 02:50:12 [37750,45500,5820]
Dec  8 02:50:12 disc_rate_ins=4.7751%
Dec  8 02:50:12 disc_rate_sec=4.0816%
Dec  8 02:51:17 =======2022-12-08 11:51:17.272578+09:00=======
Dec  8 02:51:17 [37750,45500,5810]
Dec  8 02:51:17 disc_rate_ins=4.7751%
Dec  8 02:51:17 disc_rate_sec=4.2464%
Dec  8 02:52:22 =======2022-12-08 11:52:22.139919+09:00=======
Dec  8 02:52:22 [37750,45450,5820]
Dec  8 02:52:22 disc_rate_ins=4.8797%
Dec  8 02:52:22 disc_rate_sec=4.0816%
Dec  8 02:53:28 =======2022-12-08 11:53:28.380767+09:00=======
Dec  8 02:53:28 [37700,45450,5820]
Dec  8 02:53:28 disc_rate_ins=4.7536%
Dec  8 02:53:28 disc_rate_sec=3.9544%
Dec  8 02:54:33 =======2022-12-08 11:54:33.278870+09:00=======
Dec  8 02:54:33 [37700,45450,5820]
Dec  8 02:54:33 disc_rate_ins=4.7536%
Dec  8 02:54:33 disc_rate_sec=3.9544%
Dec  8 02:55:37 =======2022-12-08 11:55:37.886725+09:00=======
Dec  8 02:55:37 [37700,45450,5820]
Dec  8 02:55:37 disc_rate_ins=4.7536%
Dec  8 02:55:37 disc_rate_sec=3.9544%
Dec  8 02:56:42 =======2022-12-08 11:56:42.770782+09:00=======
Dec  8 02:56:42 [37650,45450,5820]
Dec  8 02:56:42 disc_rate_ins=4.6271%
Dec  8 02:56:42 disc_rate_sec=3.8269%
Dec  8 02:57:47 =======2022-12-08 11:57:47.930939+09:00=======
Dec  8 02:57:47 [37650,45450,5820]
Dec  8 02:57:47 disc_rate_ins=4.6271%
Dec  8 02:57:47 disc_rate_sec=3.8269%
Dec  8 02:58:52 =======2022-12-08 11:58:52.483008+09:00=======
Dec  8 02:58:52 [37650,45450,5820]
Dec  8 02:58:52 disc_rate_ins=4.6271%
Dec  8 02:58:52 disc_rate_sec=3.8269%
Dec  8 02:59:57 =======2022-12-08 11:59:57.224457+09:00=======
Dec  8 02:59:57 [37650,45450,5820]
Dec  8 02:59:57 disc_rate_ins=4.6271%
Dec  8 02:59:57 disc_rate_sec=3.8269%
Dec  8 03:01:02 =======2022-12-08 12:01:02.065523+09:00=======
Dec  8 03:01:02 [37650,45450,5800]
Dec  8 03:01:02 disc_rate_ins=4.6271%
Dec  8 03:01:02 disc_rate_sec=4.1574%
Dec  8 03:02:07 =======2022-12-08 12:02:07.351253+09:00=======
Dec  8 03:02:07 [37650,45450,5800]
Dec  8 03:02:07 disc_rate_ins=4.6271%
Dec  8 03:02:07 disc_rate_sec=4.1574%
Dec  8 03:03:12 =======2022-12-08 12:03:12.407481+09:00=======
Dec  8 03:03:12 [37650,45450,5800]
Dec  8 03:03:12 disc_rate_ins=4.6271%
Dec  8 03:03:12 disc_rate_sec=4.1574%
Dec  8 03:04:16 =======2022-12-08 12:04:16.978786+09:00=======
Dec  8 03:04:16 [37600,45450,5810]
Dec  8 03:04:16 disc_rate_ins=4.5002%
Dec  8 03:04:16 disc_rate_sec=3.8644%
Dec  8 03:05:21 =======2022-12-08 12:05:21.457535+09:00=======
Dec  8 03:05:21 [37650,45400,5800]
Dec  8 03:05:21 disc_rate_ins=4.7320%
Dec  8 03:05:21 disc_rate_sec=4.1574%
Dec  8 03:06:26 =======2022-12-08 12:06:26.437601+09:00=======
Dec  8 03:06:26 [37650,45400,5800]
Dec  8 03:06:26 disc_rate_ins=4.7320%
Dec  8 03:06:26 disc_rate_sec=4.1574%
Dec  8 03:07:31 =======2022-12-08 12:07:31.472901+09:00=======
Dec  8 03:07:31 [37650,45400,5800]
Dec  8 03:07:31 disc_rate_ins=4.7320%
Dec  8 03:07:31 disc_rate_sec=4.1574%
Dec  8 03:08:36 =======2022-12-08 12:08:36.068344+09:00=======
Dec  8 03:08:36 [37650,45450,5800]
Dec  8 03:08:36 disc_rate_ins=4.6271%
Dec  8 03:08:36 disc_rate_sec=4.1574%
Dec  8 03:09:40 =======2022-12-08 12:09:40.669823+09:00=======
Dec  8 03:09:40 [37650,45450,5800]
Dec  8 03:09:40 disc_rate_ins=4.6271%
Dec  8 03:09:40 disc_rate_sec=4.1574%
Dec  8 03:10:45 =======2022-12-08 12:10:45.977674+09:00=======
Dec  8 03:10:45 [37650,45500,5800]
Dec  8 03:10:45 disc_rate_ins=4.5221%
Dec  8 03:10:45 disc_rate_sec=4.1574%
Dec  8 03:11:50 =======2022-12-08 12:11:50.375601+09:00=======
Dec  8 03:11:50 [37650,45500,5800]
Dec  8 03:11:50 disc_rate_ins=4.5221%
Dec  8 03:11:50 disc_rate_sec=4.1574%
Dec  8 03:12:55 =======2022-12-08 12:12:55.421469+09:00=======
Dec  8 03:12:55 [37600,45500,5800]
Dec  8 03:12:55 disc_rate_ins=4.3952%
Dec  8 03:12:55 disc_rate_sec=4.0299%
Dec  8 03:14:00 =======2022-12-08 12:14:00.517723+09:00=======
Dec  8 03:14:00 [37750,45500,5800]
Dec  8 03:14:00 disc_rate_ins=4.7751%
Dec  8 03:14:00 disc_rate_sec=4.4112%
Dec  8 03:15:05 =======2022-12-08 12:15:05.066065+09:00=======
Dec  8 03:15:05 [37650,45500,5800]
Dec  8 03:15:05 disc_rate_ins=4.5221%
Dec  8 03:15:05 disc_rate_sec=4.1574%
Dec  8 03:16:09 =======2022-12-08 12:16:09.829354+09:00=======
Dec  8 03:16:09 [37600,45500,5800]
Dec  8 03:16:09 disc_rate_ins=4.3952%
Dec  8 03:16:09 disc_rate_sec=4.0299%
Dec  8 03:17:14 =======2022-12-08 12:17:14.594093+09:00=======
Dec  8 03:17:14 [37600,45500,5800]
Dec  8 03:17:14 disc_rate_ins=4.3952%
Dec  8 03:17:14 disc_rate_sec=4.0299%
Dec  8 03:18:19 =======2022-12-08 12:18:19.260536+09:00=======
Dec  8 03:18:19 [37600,45500,5800]
Dec  8 03:18:19 disc_rate_ins=4.3952%
Dec  8 03:18:19 disc_rate_sec=4.0299%
Dec  8 03:19:23 =======2022-12-08 12:19:23.955885+09:00=======
Dec  8 03:19:23 [37650,45500,5800]
Dec  8 03:19:23 disc_rate_ins=4.5221%
Dec  8 03:19:23 disc_rate_sec=4.1574%
Dec  8 03:20:29 =======2022-12-08 12:20:29.131140+09:00=======
Dec  8 03:20:29 [37550,45500,5800]
Dec  8 03:20:29 disc_rate_ins=4.2679%
Dec  8 03:20:29 disc_rate_sec=3.9021%
Dec  8 03:21:33 =======2022-12-08 12:21:33.726519+09:00=======
Dec  8 03:21:33 [37600,45450,5800]
Dec  8 03:21:33 disc_rate_ins=4.5002%
Dec  8 03:21:33 disc_rate_sec=4.0299%
Dec  8 03:22:39 =======2022-12-08 12:22:39.120677+09:00=======
Dec  8 03:22:39 [37650,45500,5800]
Dec  8 03:22:39 disc_rate_ins=4.5221%
Dec  8 03:22:39 disc_rate_sec=4.1574%
Dec  8 03:23:43 =======2022-12-08 12:23:43.825870+09:00=======
Dec  8 03:23:43 [37600,45450,5800]
Dec  8 03:23:43 disc_rate_ins=4.5002%
Dec  8 03:23:43 disc_rate_sec=4.0299%
Dec  8 03:24:48 =======2022-12-08 12:24:48.453114+09:00=======
Dec  8 03:24:48 [37600,45450,5800]
Dec  8 03:24:48 disc_rate_ins=4.5002%
Dec  8 03:24:48 disc_rate_sec=4.0299%
Dec  8 03:25:53 =======2022-12-08 12:25:53.144305+09:00=======
Dec  8 03:25:53 [37600,45450,5800]
Dec  8 03:25:53 disc_rate_ins=4.5002%
Dec  8 03:25:53 disc_rate_sec=4.0299%
Dec  8 03:26:58 =======2022-12-08 12:26:58.140279+09:00=======
Dec  8 03:26:58 [37550,45450,5790]
Dec  8 03:26:58 disc_rate_ins=4.3731%
Dec  8 03:26:58 disc_rate_sec=4.0678%
Dec  8 03:28:02 =======2022-12-08 12:28:02.648568+09:00=======
Dec  8 03:28:02 [37500,45400,5780]
Dec  8 03:28:02 disc_rate_ins=4.3509%
Dec  8 03:28:02 disc_rate_sec=4.1058%
Dec  8 03:29:07 =======2022-12-08 12:29:07.452837+09:00=======
Dec  8 03:29:07 [37450,45400,5780]
Dec  8 03:29:07 disc_rate_ins=4.2232%
Dec  8 03:29:07 disc_rate_sec=3.9778%
Dec  8 03:30:12 =======2022-12-08 12:30:12.193560+09:00=======
Dec  8 03:30:12 [37500,45400,5780]
Dec  8 03:30:12 disc_rate_ins=4.3509%
Dec  8 03:30:12 disc_rate_sec=4.1058%
Dec  8 03:31:16 =======2022-12-08 12:31:16.755208+09:00=======
Dec  8 03:31:16 [37500,45400,5790]
Dec  8 03:31:16 disc_rate_ins=4.3509%
Dec  8 03:31:16 disc_rate_sec=3.9399%
Dec  8 03:32:21 =======2022-12-08 12:32:21.596238+09:00=======
Dec  8 03:32:21 [37450,45300,5790]
Dec  8 03:32:21 disc_rate_ins=4.4342%
Dec  8 03:32:21 disc_rate_sec=3.8116%
Dec  8 03:33:26 =======2022-12-08 12:33:26.516344+09:00=======
Dec  8 03:33:26 [37450,45300,5790]
Dec  8 03:33:26 disc_rate_ins=4.4342%
Dec  8 03:33:26 disc_rate_sec=3.8116%
Dec  8 03:34:31 =======2022-12-08 12:34:31.267870+09:00=======
Dec  8 03:34:31 [37450,45300,5790]
Dec  8 03:34:31 disc_rate_ins=4.4342%
Dec  8 03:34:31 disc_rate_sec=3.8116%
Dec  8 03:35:36 =======2022-12-08 12:35:36.380187+09:00=======
Dec  8 03:35:36 [37400,45300,5800]
Dec  8 03:35:36 disc_rate_ins=4.3064%
Dec  8 03:35:36 disc_rate_sec=3.5167%
Dec  8 03:36:41 =======2022-12-08 12:36:41.443875+09:00=======
Dec  8 03:36:41 [37400,45300,5800]
Dec  8 03:36:41 disc_rate_ins=4.3064%
Dec  8 03:36:41 disc_rate_sec=3.5167%
Dec  8 03:37:46 =======2022-12-08 12:37:46.348961+09:00=======
Dec  8 03:37:46 [37450,45250,5800]
Dec  8 03:37:46 disc_rate_ins=4.5397%
Dec  8 03:37:46 disc_rate_sec=3.6455%
Dec  8 03:38:51 =======2022-12-08 12:38:51.283599+09:00=======
Dec  8 03:38:51 [37400,45250,5800]
Dec  8 03:38:51 disc_rate_ins=4.4120%
Dec  8 03:38:51 disc_rate_sec=3.5167%
Dec  8 03:39:56 =======2022-12-08 12:39:56.280809+09:00=======
Dec  8 03:39:56 [37450,45250,5800]
Dec  8 03:39:56 disc_rate_ins=4.5397%
Dec  8 03:39:56 disc_rate_sec=3.6455%
Dec  8 03:41:01 =======2022-12-08 12:41:01.054439+09:00=======
Dec  8 03:41:01 [37400,45300,5800]
Dec  8 03:41:01 disc_rate_ins=4.3064%
Dec  8 03:41:01 disc_rate_sec=3.5167%
Dec  8 03:42:06 =======2022-12-08 12:42:06.139519+09:00=======
Dec  8 03:42:06 [37450,45300,5800]
Dec  8 03:42:06 disc_rate_ins=4.4342%
Dec  8 03:42:06 disc_rate_sec=3.6455%
Dec  8 03:43:10 =======2022-12-08 12:43:10.660431+09:00=======
Dec  8 03:43:10 [37400,45300,5800]
Dec  8 03:43:10 disc_rate_ins=4.3064%
Dec  8 03:43:10 disc_rate_sec=3.5167%
Dec  8 03:44:15 =======2022-12-08 12:44:15.345744+09:00=======
Dec  8 03:44:15 [37450,45500,5800]
Dec  8 03:44:15 disc_rate_ins=4.0122%
Dec  8 03:44:15 disc_rate_sec=3.6455%
Dec  8 03:45:19 =======2022-12-08 12:45:19.987500+09:00=======
Dec  8 03:45:19 [37450,45500,5810]
Dec  8 03:45:19 disc_rate_ins=4.0122%
Dec  8 03:45:19 disc_rate_sec=3.4794%
Dec  8 03:46:24 =======2022-12-08 12:46:24.995104+09:00=======
Dec  8 03:46:24 [37450,45500,5800]
Dec  8 03:46:24 disc_rate_ins=4.0122%
Dec  8 03:46:24 disc_rate_sec=3.6455%
Dec  8 03:47:29 =======2022-12-08 12:47:29.756095+09:00=======
Dec  8 03:47:29 [37450,45400,5800]
Dec  8 03:47:29 disc_rate_ins=4.2232%
Dec  8 03:47:29 disc_rate_sec=3.6455%
Dec  8 03:48:34 =======2022-12-08 12:48:34.390816+09:00=======
Dec  8 03:48:34 [37400,45450,5800]
Dec  8 03:48:34 disc_rate_ins=3.9895%
Dec  8 03:48:34 disc_rate_sec=3.5167%
Dec  8 03:49:39 =======2022-12-08 12:49:39.068018+09:00=======
Dec  8 03:49:39 [37450,45450,5800]
Dec  8 03:49:39 disc_rate_ins=4.1177%
Dec  8 03:49:39 disc_rate_sec=3.6455%
Dec  8 03:50:43 =======2022-12-08 12:50:43.880009+09:00=======
Dec  8 03:50:43 [37500,45450,5800]
Dec  8 03:50:43 disc_rate_ins=4.2456%
Dec  8 03:50:43 disc_rate_sec=3.7740%
Dec  8 03:51:48 =======2022-12-08 12:51:48.689037+09:00=======
Dec  8 03:51:48 [37450,45450,5800]
Dec  8 03:51:48 disc_rate_ins=4.1177%
Dec  8 03:51:48 disc_rate_sec=3.6455%
Dec  8 03:52:53 =======2022-12-08 12:52:53.354261+09:00=======
Dec  8 03:52:53 [37500,45450,5800]
Dec  8 03:52:53 disc_rate_ins=4.2456%
Dec  8 03:52:53 disc_rate_sec=3.7740%
Dec  8 03:53:57 =======2022-12-08 12:53:57.990290+09:00=======
Dec  8 03:53:57 [37500,45450,5800]
Dec  8 03:53:57 disc_rate_ins=4.2456%
Dec  8 03:53:57 disc_rate_sec=3.7740%
Dec  8 03:55:02 =======2022-12-08 12:55:02.634169+09:00=======
Dec  8 03:55:02 [37500,45450,5800]
Dec  8 03:55:02 disc_rate_ins=4.2456%
Dec  8 03:55:02 disc_rate_sec=3.7740%
Dec  8 03:56:07 =======2022-12-08 12:56:07.673170+09:00=======
Dec  8 03:56:07 [37500,45450,5800]
Dec  8 03:56:07 disc_rate_ins=4.2456%
Dec  8 03:56:07 disc_rate_sec=3.7740%
Dec  8 03:57:17 =======2022-12-08 12:57:17.239098+09:00=======
Dec  8 03:57:17 [37400,45450,5800]
Dec  8 03:57:17 disc_rate_ins=3.9895%
Dec  8 03:57:17 disc_rate_sec=3.5167%
Dec  8 03:58:23 =======2022-12-08 12:58:23.598930+09:00=======
Dec  8 03:58:23 [37450,45450,5810]
Dec  8 03:58:23 disc_rate_ins=4.1177%
Dec  8 03:58:23 disc_rate_sec=3.4794%
Dec  8 03:59:28 =======2022-12-08 12:59:28.881750+09:00=======
Dec  8 03:59:28 [37400,45450,5800]
Dec  8 03:59:28 disc_rate_ins=3.9895%
Dec  8 03:59:28 disc_rate_sec=3.5167%
Dec  8 04:00:34 =======2022-12-08 13:00:34.171181+09:00=======
Dec  8 04:00:34 [37450,45450,5800]
Dec  8 04:00:34 disc_rate_ins=4.1177%
Dec  8 04:00:34 disc_rate_sec=3.6455%
Dec  8 04:01:38 =======2022-12-08 13:01:38.794490+09:00=======
Dec  8 04:01:38 [37550,45450,5800]
Dec  8 04:01:38 disc_rate_ins=4.3731%
Dec  8 04:01:38 disc_rate_sec=3.9021%
Dec  8 04:02:43 =======2022-12-08 13:02:43.856256+09:00=======
Dec  8 04:02:43 [37650,45550,5800]
Dec  8 04:02:43 disc_rate_ins=4.4172%
Dec  8 04:02:43 disc_rate_sec=4.1574%
Dec  8 04:03:48 =======2022-12-08 13:03:48.939294+09:00=======
Dec  8 04:03:48 [37600,45550,5800]
Dec  8 04:03:48 disc_rate_ins=4.2901%
Dec  8 04:03:48 disc_rate_sec=4.0299%
Dec  8 04:04:53 =======2022-12-08 13:04:53.417934+09:00=======
Dec  8 04:04:53 [37600,45650,5800]
Dec  8 04:04:53 disc_rate_ins=4.0800%
Dec  8 04:04:53 disc_rate_sec=4.0299%
Dec  8 04:05:58 =======2022-12-08 13:05:58.179079+09:00=======
Dec  8 04:05:58 [37550,45650,5800]
Dec  8 04:05:58 disc_rate_ins=3.9523%
Dec  8 04:05:58 disc_rate_sec=3.9021%
Dec  8 04:07:03 =======2022-12-08 13:07:03.428566+09:00=======
Dec  8 04:07:03 [37500,45650,5800]
Dec  8 04:07:03 disc_rate_ins=3.8242%
Dec  8 04:07:03 disc_rate_sec=3.7740%
Dec  8 04:08:08 =======2022-12-08 13:08:08.265459+09:00=======
Dec  8 04:08:08 [37500,45600,5790]
Dec  8 04:08:08 disc_rate_ins=3.9296%
Dec  8 04:08:08 disc_rate_sec=3.9399%
Dec  8 04:09:13 =======2022-12-08 13:09:13.068224+09:00=======
Dec  8 04:09:13 [37500,45550,5790]
Dec  8 04:09:13 disc_rate_ins=4.0349%
Dec  8 04:09:13 disc_rate_sec=3.9399%
Dec  8 04:10:17 =======2022-12-08 13:10:17.802828+09:00=======
Dec  8 04:10:17 [37550,45550,5790]
Dec  8 04:10:17 disc_rate_ins=4.1627%
Dec  8 04:10:17 disc_rate_sec=4.0678%
Dec  8 04:11:22 =======2022-12-08 13:11:22.571151+09:00=======
Dec  8 04:11:22 [37450,45500,5780]
Dec  8 04:11:22 disc_rate_ins=4.0122%
Dec  8 04:11:22 disc_rate_sec=3.9778%
Dec  8 04:12:27 =======2022-12-08 13:12:27.327101+09:00=======
Dec  8 04:12:27 [37550,45250,5780]
Dec  8 04:12:27 disc_rate_ins=4.7939%
Dec  8 04:12:27 disc_rate_sec=4.2335%
Dec  8 04:13:32 =======2022-12-08 13:13:32.396114+09:00=======
Dec  8 04:13:32 [37500,45300,5780]
Dec  8 04:13:32 disc_rate_ins=4.5616%
Dec  8 04:13:32 disc_rate_sec=4.1058%
Dec  8 04:14:37 =======2022-12-08 13:14:37.155480+09:00=======
Dec  8 04:14:37 [37450,45300,5780]
Dec  8 04:14:37 disc_rate_ins=4.4342%
Dec  8 04:14:37 disc_rate_sec=3.9778%
Dec  8 04:15:41 =======2022-12-08 13:15:41.780386+09:00=======
Dec  8 04:15:41 [37450,45450,5780]
Dec  8 04:15:41 disc_rate_ins=4.1177%
Dec  8 04:15:41 disc_rate_sec=3.9778%
Dec  8 04:16:46 =======2022-12-08 13:16:46.587456+09:00=======
Dec  8 04:16:46 [37500,45350,5780]
Dec  8 04:16:46 disc_rate_ins=4.4563%
Dec  8 04:16:46 disc_rate_sec=4.1058%
Dec  8 04:17:51 =======2022-12-08 13:17:51.494753+09:00=======
Dec  8 04:17:51 [37500,45300,5780]
Dec  8 04:17:51 disc_rate_ins=4.5616%
Dec  8 04:17:51 disc_rate_sec=4.1058%
Dec  8 04:18:56 =======2022-12-08 13:18:56.306875+09:00=======
Dec  8 04:18:56 [37500,45300,5770]
Dec  8 04:18:56 disc_rate_ins=4.5616%
Dec  8 04:18:56 disc_rate_sec=4.2717%
Dec  8 04:20:01 =======2022-12-08 13:20:01.176668+09:00=======
Dec  8 04:20:01 [37450,45300,5770]
Dec  8 04:20:01 disc_rate_ins=4.4342%
Dec  8 04:20:01 disc_rate_sec=4.1439%
Dec  8 04:21:05 =======2022-12-08 13:21:05.821178+09:00=======
Dec  8 04:21:05 [37450,45300,5770]
Dec  8 04:21:05 disc_rate_ins=4.4342%
Dec  8 04:21:05 disc_rate_sec=4.1439%
Dec  8 04:22:10 =======2022-12-08 13:22:10.676058+09:00=======
Dec  8 04:22:10 [37400,45300,5770]
Dec  8 04:22:10 disc_rate_ins=4.3064%
Dec  8 04:22:10 disc_rate_sec=4.0158%
Dec  8 04:23:15 =======2022-12-08 13:23:15.448773+09:00=======
Dec  8 04:23:15 [37350,45300,5770]
Dec  8 04:23:15 disc_rate_ins=4.1783%
Dec  8 04:23:15 disc_rate_sec=3.8873%
Dec  8 04:24:20 =======2022-12-08 13:24:20.432837+09:00=======
Dec  8 04:24:20 [37400,45300,5780]
Dec  8 04:24:20 disc_rate_ins=4.3064%
Dec  8 04:24:20 disc_rate_sec=3.8494%
Dec  8 04:25:25 =======2022-12-08 13:25:25.375580+09:00=======
Dec  8 04:25:25 [37450,45300,5770]
Dec  8 04:25:25 disc_rate_ins=4.4342%
Dec  8 04:25:25 disc_rate_sec=4.1439%
Dec  8 04:26:30 =======2022-12-08 13:26:30.150897+09:00=======
Dec  8 04:26:30 [37500,45300,5770]
Dec  8 04:26:30 disc_rate_ins=4.5616%
Dec  8 04:26:30 disc_rate_sec=4.2717%
Dec  8 04:27:39 =======2022-12-08 13:27:39.945843+09:00=======
Dec  8 04:27:39 [37450,45300,5800]
Dec  8 04:27:39 disc_rate_ins=4.4342%
Dec  8 04:27:39 disc_rate_sec=3.6455%
Dec  8 04:28:44 =======2022-12-08 13:28:44.916123+09:00=======
Dec  8 04:28:44 [37500,45300,5790]
Dec  8 04:28:44 disc_rate_ins=4.5616%
Dec  8 04:28:44 disc_rate_sec=3.9399%
Dec  8 04:29:49 =======2022-12-08 13:29:49.477549+09:00=======
Dec  8 04:29:49 [37400,45250,5800]
Dec  8 04:29:49 disc_rate_ins=4.4120%
Dec  8 04:29:49 disc_rate_sec=3.5167%
Dec  8 04:30:59 =======2022-12-08 13:30:59.767647+09:00=======
Dec  8 04:30:59 [37400,45350,5790]
Dec  8 04:30:59 disc_rate_ins=4.2008%
Dec  8 04:30:59 disc_rate_sec=3.6831%
Dec  8 04:32:04 =======2022-12-08 13:32:04.845220+09:00=======
Dec  8 04:32:04 [37450,45350,5790]
Dec  8 04:32:04 disc_rate_ins=4.3287%
Dec  8 04:32:04 disc_rate_sec=3.8116%
Dec  8 04:33:09 =======2022-12-08 13:33:09.329327+09:00=======
Dec  8 04:33:09 [37450,45350,5780]
Dec  8 04:33:09 disc_rate_ins=4.3287%
Dec  8 04:33:09 disc_rate_sec=3.9778%
Dec  8 04:34:14 =======2022-12-08 13:34:14.247582+09:00=======
Dec  8 04:34:14 [37450,45350,5780]
Dec  8 04:34:14 disc_rate_ins=4.3287%
Dec  8 04:34:14 disc_rate_sec=3.9778%
Dec  8 04:35:18 =======2022-12-08 13:35:18.982249+09:00=======
Dec  8 04:35:18 [37400,45300,5780]
Dec  8 04:35:18 disc_rate_ins=4.3064%
Dec  8 04:35:18 disc_rate_sec=3.8494%
Dec  8 04:36:23 =======2022-12-08 13:36:23.834934+09:00=======
Dec  8 04:36:23 [37500,45300,5780]
Dec  8 04:36:23 disc_rate_ins=4.5616%
Dec  8 04:36:23 disc_rate_sec=4.1058%
Dec  8 04:37:28 =======2022-12-08 13:37:28.348053+09:00=======
Dec  8 04:37:28 [37450,45250,5780]
Dec  8 04:37:28 disc_rate_ins=4.5397%
Dec  8 04:37:28 disc_rate_sec=3.9778%
Dec  8 04:38:33 =======2022-12-08 13:38:33.176393+09:00=======
Dec  8 04:38:33 [37500,45250,5780]
Dec  8 04:38:33 disc_rate_ins=4.6669%
Dec  8 04:38:33 disc_rate_sec=4.1058%
Dec  8 04:39:38 =======2022-12-08 13:39:38.506832+09:00=======
Dec  8 04:39:38 [37450,45250,5780]
Dec  8 04:39:38 disc_rate_ins=4.5397%
Dec  8 04:39:38 disc_rate_sec=3.9778%
Dec  8 04:40:43 =======2022-12-08 13:40:43.317334+09:00=======
Dec  8 04:40:43 [37300,45200,5780]
Dec  8 04:40:43 disc_rate_ins=4.2617%
Dec  8 04:40:43 disc_rate_sec=3.5916%
Dec  8 04:41:47 =======2022-12-08 13:41:47.867854+09:00=======
Dec  8 04:41:47 [37350,45150,5780]
Dec  8 04:41:47 disc_rate_ins=4.4956%
Dec  8 04:41:47 disc_rate_sec=3.7207%
Dec  8 04:42:52 =======2022-12-08 13:42:52.836242+09:00=======
Dec  8 04:42:52 [37300,45100,5780]
Dec  8 04:42:52 disc_rate_ins=4.4735%
Dec  8 04:42:52 disc_rate_sec=3.5916%
Dec  8 04:43:57 =======2022-12-08 13:43:57.541996+09:00=======
Dec  8 04:43:57 [37300,45100,5780]
Dec  8 04:43:57 disc_rate_ins=4.4735%
Dec  8 04:43:57 disc_rate_sec=3.5916%
Dec  8 04:45:02 =======2022-12-08 13:45:02.552280+09:00=======
Dec  8 04:45:02 [37350,45050,5770]
Dec  8 04:45:02 disc_rate_ins=4.7071%
Dec  8 04:45:02 disc_rate_sec=3.8873%
Dec  8 04:46:07 =======2022-12-08 13:46:07.315311+09:00=======
Dec  8 04:46:07 [37400,45050,5770]
Dec  8 04:46:07 disc_rate_ins=4.8345%
Dec  8 04:46:07 disc_rate_sec=4.0158%
Dec  8 04:47:12 =======2022-12-08 13:47:12.032625+09:00=======
Dec  8 04:47:12 [37300,45050,5770]
Dec  8 04:47:12 disc_rate_ins=4.5794%
Dec  8 04:47:12 disc_rate_sec=3.7584%
Dec  8 04:48:16 =======2022-12-08 13:48:16.526114+09:00=======
Dec  8 04:48:16 [37300,45050,5770]
Dec  8 04:48:16 disc_rate_ins=4.5794%
Dec  8 04:48:16 disc_rate_sec=3.7584%
Dec  8 04:49:21 =======2022-12-08 13:49:21.647098+09:00=======
Dec  8 04:49:21 [37350,45050,5770]
Dec  8 04:49:21 disc_rate_ins=4.7071%
Dec  8 04:49:21 disc_rate_sec=3.8873%
Dec  8 04:50:26 =======2022-12-08 13:50:26.287298+09:00=======
Dec  8 04:50:26 [37300,45000,5760]
Dec  8 04:50:26 disc_rate_ins=4.6853%
Dec  8 04:50:26 disc_rate_sec=3.9252%
Dec  8 04:51:30 =======2022-12-08 13:51:30.994149+09:00=======
Dec  8 04:51:30 [37300,45000,5760]
Dec  8 04:51:30 disc_rate_ins=4.6853%
Dec  8 04:51:30 disc_rate_sec=3.9252%
Dec  8 04:52:36 =======2022-12-08 13:52:36.160237+09:00=======
Dec  8 04:52:36 [37200,45000,5770]
Dec  8 04:52:36 disc_rate_ins=4.4291%
Dec  8 04:52:36 disc_rate_sec=3.4997%
Dec  8 04:53:41 =======2022-12-08 13:53:41.305562+09:00=======
Dec  8 04:53:41 [37200,45000,5770]
Dec  8 04:53:41 disc_rate_ins=4.4291%
Dec  8 04:53:41 disc_rate_sec=3.4997%
Dec  8 04:54:45 =======2022-12-08 13:54:45.857325+09:00=======
Dec  8 04:54:45 [37200,44950,5760]
Dec  8 04:54:45 disc_rate_ins=4.5353%
Dec  8 04:54:45 disc_rate_sec=3.6670%
Dec  8 04:55:50 =======2022-12-08 13:55:50.631112+09:00=======
Dec  8 04:55:50 [37200,44900,5750]
Dec  8 04:55:50 disc_rate_ins=4.6414%
Dec  8 04:55:50 disc_rate_sec=3.8342%
Dec  8 04:56:55 =======2022-12-08 13:56:55.483851+09:00=======
Dec  8 04:56:55 [37200,44900,5750]
Dec  8 04:56:55 disc_rate_ins=4.6414%
Dec  8 04:56:55 disc_rate_sec=3.8342%
Dec  8 04:58:00 =======2022-12-08 13:58:00.213098+09:00=======
Dec  8 04:58:00 [37250,44850,5740]
Dec  8 04:58:00 disc_rate_ins=4.8755%
Dec  8 04:58:00 disc_rate_sec=4.1303%
Dec  8 04:59:05 =======2022-12-08 13:59:05.169145+09:00=======
Dec  8 04:59:05 [37300,44850,5740]
Dec  8 04:59:05 disc_rate_ins=5.0030%
Dec  8 04:59:05 disc_rate_sec=4.2588%
Dec  8 05:00:10 =======2022-12-08 14:00:10.031442+09:00=======
Dec  8 05:00:10 [37300,45050,5750]
Dec  8 05:00:10 disc_rate_ins=4.5794%
Dec  8 05:00:10 disc_rate_sec=4.0920%
Dec  8 05:01:14 =======2022-12-08 14:01:14.779932+09:00=======
Dec  8 05:01:14 [37300,45050,5770]
Dec  8 05:01:14 disc_rate_ins=4.5794%
Dec  8 05:01:14 disc_rate_sec=3.7584%
Dec  8 05:02:19 =======2022-12-08 14:02:19.250581+09:00=======
Dec  8 05:02:19 [37450,45000,5760]
Dec  8 05:02:19 disc_rate_ins=5.0671%
Dec  8 05:02:19 disc_rate_sec=4.3100%
Dec  8 05:03:23 =======2022-12-08 14:03:23.968081+09:00=======
Dec  8 05:03:23 [37350,44950,5750]
Dec  8 05:03:23 disc_rate_ins=4.9186%
Dec  8 05:03:23 disc_rate_sec=4.2204%
Dec  8 05:04:28 =======2022-12-08 14:04:28.792665+09:00=======
Dec  8 05:04:28 [37300,44900,5750]
Dec  8 05:04:28 disc_rate_ins=4.8971%
Dec  8 05:04:28 disc_rate_sec=4.0920%
Dec  8 05:05:33 =======2022-12-08 14:05:33.537189+09:00=======
Dec  8 05:05:33 [37150,44900,5750]
Dec  8 05:05:33 disc_rate_ins=4.5131%
Dec  8 05:05:33 disc_rate_sec=3.7048%
Dec  8 05:06:38 =======2022-12-08 14:06:38.052917+09:00=======
Dec  8 05:06:38 [37150,44900,5750]
Dec  8 05:06:38 disc_rate_ins=4.5131%
Dec  8 05:06:38 disc_rate_sec=3.7048%
Dec  8 05:07:42 =======2022-12-08 14:07:42.957405+09:00=======
Dec  8 05:07:42 [37250,44900,5750]
Dec  8 05:07:42 disc_rate_ins=4.7694%
Dec  8 05:07:42 disc_rate_sec=3.9633%
Dec  8 05:08:47 =======2022-12-08 14:08:47.563553+09:00=======
Dec  8 05:08:47 [37250,44850,5750]
Dec  8 05:08:47 disc_rate_ins=4.8755%
Dec  8 05:08:47 disc_rate_sec=3.9633%
Dec  8 05:09:52 =======2022-12-08 14:09:52.455281+09:00=======
Dec  8 05:09:52 [37250,44850,5750]
Dec  8 05:09:52 disc_rate_ins=4.8755%
Dec  8 05:09:52 disc_rate_sec=3.9633%
Dec  8 05:10:57 =======2022-12-08 14:10:57.454612+09:00=======
Dec  8 05:10:57 [37150,44850,5750]
Dec  8 05:10:57 disc_rate_ins=4.6194%
Dec  8 05:10:57 disc_rate_sec=3.7048%
Dec  8 05:12:02 =======2022-12-08 14:12:02.182845+09:00=======
Dec  8 05:12:02 [37200,44800,5760]
Dec  8 05:12:02 disc_rate_ins=4.8538%
Dec  8 05:12:02 disc_rate_sec=3.6670%
Dec  8 05:13:06 =======2022-12-08 14:13:06.838910+09:00=======
Dec  8 05:13:06 [37200,44900,5750]
Dec  8 05:13:06 disc_rate_ins=4.6414%
Dec  8 05:13:06 disc_rate_sec=3.8342%
Dec  8 05:14:11 =======2022-12-08 14:14:11.384216+09:00=======
Dec  8 05:14:11 [37150,45000,5750]
Dec  8 05:14:11 disc_rate_ins=4.3004%
Dec  8 05:14:11 disc_rate_sec=3.7048%
Dec  8 05:15:16 =======2022-12-08 14:15:16.577351+09:00=======
Dec  8 05:15:16 [37200,44950,5750]
Dec  8 05:15:16 disc_rate_ins=4.5353%
Dec  8 05:15:16 disc_rate_sec=3.8342%
Dec  8 05:16:21 =======2022-12-08 14:16:21.223802+09:00=======
Dec  8 05:16:21 [37200,44950,5740]
Dec  8 05:16:21 disc_rate_ins=4.5353%
Dec  8 05:16:21 disc_rate_sec=4.0014%
Dec  8 05:17:25 =======2022-12-08 14:17:25.884691+09:00=======
Dec  8 05:17:25 [37150,44900,5760]
Dec  8 05:17:25 disc_rate_ins=4.5131%
Dec  8 05:17:25 disc_rate_sec=3.5373%
Dec  8 05:18:30 =======2022-12-08 14:18:30.532768+09:00=======
Dec  8 05:18:30 [37150,45000,5760]
Dec  8 05:18:30 disc_rate_ins=4.3004%
Dec  8 05:18:30 disc_rate_sec=3.5373%
Dec  8 05:19:35 =======2022-12-08 14:19:35.068096+09:00=======
Dec  8 05:19:35 [37150,45000,5760]
Dec  8 05:19:35 disc_rate_ins=4.3004%
Dec  8 05:19:35 disc_rate_sec=3.5373%
Dec  8 05:20:40 =======2022-12-08 14:20:40.071960+09:00=======
Dec  8 05:20:40 [37100,44950,5760]
Dec  8 05:20:40 disc_rate_ins=4.2779%
Dec  8 05:20:40 disc_rate_sec=3.4073%
Dec  8 05:21:44 =======2022-12-08 14:21:44.732527+09:00=======
Dec  8 05:21:44 [37200,44950,5740]
Dec  8 05:21:44 disc_rate_ins=4.5353%
Dec  8 05:21:44 disc_rate_sec=4.0014%
Dec  8 05:22:49 =======2022-12-08 14:22:49.782248+09:00=======
Dec  8 05:22:49 [37150,44900,5750]
Dec  8 05:22:49 disc_rate_ins=4.5131%
Dec  8 05:22:49 disc_rate_sec=3.7048%
Dec  8 05:23:54 =======2022-12-08 14:23:54.816747+09:00=======
Dec  8 05:23:54 [37050,44900,5750]
Dec  8 05:23:54 disc_rate_ins=4.2554%
Dec  8 05:23:54 disc_rate_sec=3.4449%
Dec  8 05:24:59 =======2022-12-08 14:24:59.891426+09:00=======
Dec  8 05:24:59 [37100,44900,5750]
Dec  8 05:24:59 disc_rate_ins=4.3844%
Dec  8 05:24:59 disc_rate_sec=3.5750%
Dec  8 05:26:04 =======2022-12-08 14:26:04.793366+09:00=======
Dec  8 05:26:04 [37100,44900,5750]
Dec  8 05:26:04 disc_rate_ins=4.3844%
Dec  8 05:26:04 disc_rate_sec=3.5750%
Dec  8 05:27:09 =======2022-12-08 14:27:09.485788+09:00=======
Dec  8 05:27:09 [37100,45000,5760]
Dec  8 05:27:09 disc_rate_ins=4.1715%
Dec  8 05:27:09 disc_rate_sec=3.4073%
Dec  8 05:28:14 =======2022-12-08 14:28:14.304307+09:00=======
Dec  8 05:28:14 [37150,44900,5750]
Dec  8 05:28:14 disc_rate_ins=4.5131%
Dec  8 05:28:14 disc_rate_sec=3.7048%
Dec  8 05:29:19 =======2022-12-08 14:29:19.626275+09:00=======
Dec  8 05:29:19 [37100,44900,5750]
Dec  8 05:29:19 disc_rate_ins=4.3844%
Dec  8 05:29:19 disc_rate_sec=3.5750%
Dec  8 05:30:24 =======2022-12-08 14:30:24.392553+09:00=======
Dec  8 05:30:24 [37100,44850,5740]
Dec  8 05:30:24 disc_rate_ins=4.4909%
Dec  8 05:30:24 disc_rate_sec=3.7427%
Dec  8 05:31:29 =======2022-12-08 14:31:29.101628+09:00=======
Dec  8 05:31:29 [37050,44900,5750]
Dec  8 05:31:29 disc_rate_ins=4.2554%
Dec  8 05:31:29 disc_rate_sec=3.4449%
Dec  8 05:32:34 =======2022-12-08 14:32:34.058047+09:00=======
Dec  8 05:32:34 [37000,44950,5750]
Dec  8 05:32:34 disc_rate_ins=4.0192%
Dec  8 05:32:34 disc_rate_sec=3.3144%
Dec  8 05:33:38 =======2022-12-08 14:33:38.861403+09:00=======
Dec  8 05:33:38 [37100,44950,5760]
Dec  8 05:33:38 disc_rate_ins=4.2779%
Dec  8 05:33:38 disc_rate_sec=3.4073%
Dec  8 05:34:43 =======2022-12-08 14:34:43.835412+09:00=======
Dec  8 05:34:43 [37200,44900,5760]
Dec  8 05:34:43 disc_rate_ins=4.6414%
Dec  8 05:34:43 disc_rate_sec=3.6670%
Dec  8 05:35:48 =======2022-12-08 14:35:48.516478+09:00=======
Dec  8 05:35:48 [37200,45150,5780]
Dec  8 05:35:48 disc_rate_ins=4.1105%
Dec  8 05:35:48 disc_rate_sec=3.3325%
Dec  8 05:36:53 =======2022-12-08 14:36:53.248820+09:00=======
Dec  8 05:36:53 [37200,45150,5760]
Dec  8 05:36:53 disc_rate_ins=4.1105%
Dec  8 05:36:53 disc_rate_sec=3.6670%
Dec  8 05:38:02 =======2022-12-08 14:38:02.840764+09:00=======
Dec  8 05:38:02 [37250,45150,5760]
Dec  8 05:38:02 disc_rate_ins=4.2392%
Dec  8 05:38:02 disc_rate_sec=3.7963%
Dec  8 05:39:07 =======2022-12-08 14:39:07.574080+09:00=======
Dec  8 05:39:07 [37250,45050,5760]
Dec  8 05:39:07 disc_rate_ins=4.4513%
Dec  8 05:39:07 disc_rate_sec=3.7963%
Dec  8 05:40:12 =======2022-12-08 14:40:12.258282+09:00=======
Dec  8 05:40:12 [37150,44950,5760]
Dec  8 05:40:12 disc_rate_ins=4.4068%
Dec  8 05:40:12 disc_rate_sec=3.5373%
Dec  8 05:41:17 =======2022-12-08 14:41:17.310694+09:00=======
Dec  8 05:41:17 [37150,44950,5740]
Dec  8 05:41:17 disc_rate_ins=4.4068%
Dec  8 05:41:17 disc_rate_sec=3.8722%
Dec  8 05:42:22 =======2022-12-08 14:42:22.353149+09:00=======
Dec  8 05:42:22 [37050,44900,5740]
Dec  8 05:42:22 disc_rate_ins=4.2554%
Dec  8 05:42:22 disc_rate_sec=3.6128%
Dec  8 05:43:27 =======2022-12-08 14:43:27.164868+09:00=======
Dec  8 05:43:27 [37250,44950,5740]
Dec  8 05:43:27 disc_rate_ins=4.6634%
Dec  8 05:43:27 disc_rate_sec=4.1303%
Dec  8 05:44:31 =======2022-12-08 14:44:31.971054+09:00=======
Dec  8 05:44:31 [37250,45050,5730]
Dec  8 05:44:31 disc_rate_ins=4.4513%
Dec  8 05:44:31 disc_rate_sec=4.2973%
Dec  8 05:45:36 =======2022-12-08 14:45:36.980274+09:00=======
Dec  8 05:45:36 [37100,44950,5730]
Dec  8 05:45:36 disc_rate_ins=4.2779%
Dec  8 05:45:36 disc_rate_sec=3.9104%
Dec  8 05:46:41 =======2022-12-08 14:46:41.558363+09:00=======
Dec  8 05:46:41 [37100,44900,5750]
Dec  8 05:46:41 disc_rate_ins=4.3844%
Dec  8 05:46:41 disc_rate_sec=3.5750%
Dec  8 05:47:46 =======2022-12-08 14:47:46.276970+09:00=======
Dec  8 05:47:46 [37100,44900,5750]
Dec  8 05:47:46 disc_rate_ins=4.3844%
Dec  8 05:47:46 disc_rate_sec=3.5750%
Dec  8 05:48:51 =======2022-12-08 14:48:51.240178+09:00=======
Dec  8 05:48:51 [37050,44850,5750]
Dec  8 05:48:51 disc_rate_ins=4.3620%
Dec  8 05:48:51 disc_rate_sec=3.4449%
Dec  8 05:49:55 =======2022-12-08 14:49:55.927613+09:00=======
Dec  8 05:49:55 [37100,44900,5740]
Dec  8 05:49:55 disc_rate_ins=4.3844%
Dec  8 05:49:55 disc_rate_sec=3.7427%
Dec  8 05:51:01 =======2022-12-08 14:51:01.004989+09:00=======
Dec  8 05:51:01 [37100,44900,5740]
Dec  8 05:51:01 disc_rate_ins=4.3844%
Dec  8 05:51:01 disc_rate_sec=3.7427%
Dec  8 05:52:05 =======2022-12-08 14:52:05.788622+09:00=======
Dec  8 05:52:05 [37200,44950,5740]
Dec  8 05:52:05 disc_rate_ins=4.5353%
Dec  8 05:52:05 disc_rate_sec=4.0014%
Dec  8 05:53:10 =======2022-12-08 14:53:10.324793+09:00=======
Dec  8 05:53:10 [37150,44950,5740]
Dec  8 05:53:10 disc_rate_ins=4.4068%
Dec  8 05:53:10 disc_rate_sec=3.8722%
Dec  8 05:54:14 =======2022-12-08 14:54:14.883849+09:00=======
Dec  8 05:54:14 [37150,44950,5740]
Dec  8 05:54:14 disc_rate_ins=4.4068%
Dec  8 05:54:14 disc_rate_sec=3.8722%
Dec  8 05:55:20 =======2022-12-08 14:55:20.166177+09:00=======
Dec  8 05:55:20 [37100,45000,5740]
Dec  8 05:55:20 disc_rate_ins=4.1715%
Dec  8 05:55:20 disc_rate_sec=3.7427%
Dec  8 05:56:24 =======2022-12-08 14:56:24.766372+09:00=======
Dec  8 05:56:24 [37050,45000,5740]
Dec  8 05:56:24 disc_rate_ins=4.0421%
Dec  8 05:56:24 disc_rate_sec=3.6128%
Dec  8 05:57:29 =======2022-12-08 14:57:29.910830+09:00=======
Dec  8 05:57:29 [37100,45000,5750]
Dec  8 05:57:29 disc_rate_ins=4.1715%
Dec  8 05:57:29 disc_rate_sec=3.5750%
Dec  8 05:58:34 =======2022-12-08 14:58:34.676375+09:00=======
Dec  8 05:58:34 [37100,45000,5760]
Dec  8 05:58:34 disc_rate_ins=4.1715%
Dec  8 05:58:34 disc_rate_sec=3.4073%
Dec  8 05:59:39 =======2022-12-08 14:59:39.152355+09:00=======
Dec  8 05:59:39 [37050,44950,5750]
Dec  8 05:59:39 disc_rate_ins=4.1488%
Dec  8 05:59:39 disc_rate_sec=3.4449%
Dec  8 06:00:43 =======2022-12-08 15:00:43.994829+09:00=======
Dec  8 06:00:43 [37100,44900,5750]
Dec  8 06:00:43 disc_rate_ins=4.3844%
Dec  8 06:00:43 disc_rate_sec=3.5750%
Dec  8 06:01:49 =======2022-12-08 15:01:49.531712+09:00=======
Dec  8 06:01:49 [37050,44900,5740]
Dec  8 06:01:49 disc_rate_ins=4.2554%
Dec  8 06:01:49 disc_rate_sec=3.6128%
Dec  8 06:02:54 =======2022-12-08 15:02:54.491246+09:00=======
Dec  8 06:02:54 [37050,44850,5730]
Dec  8 06:02:54 disc_rate_ins=4.3620%
Dec  8 06:02:54 disc_rate_sec=3.7807%
Dec  8 06:03:59 =======2022-12-08 15:03:59.666821+09:00=======
Dec  8 06:03:59 [37000,44800,5730]
Dec  8 06:03:59 disc_rate_ins=4.3395%
Dec  8 06:03:59 disc_rate_sec=3.6507%
Dec  8 06:05:04 =======2022-12-08 15:05:04.265483+09:00=======
Dec  8 06:05:04 [37100,44800,5730]
Dec  8 06:05:04 disc_rate_ins=4.5974%
Dec  8 06:05:04 disc_rate_sec=3.9104%
Dec  8 06:06:09 =======2022-12-08 15:06:09.097182+09:00=======
Dec  8 06:06:09 [37050,44850,5730]
Dec  8 06:06:09 disc_rate_ins=4.3620%
Dec  8 06:06:09 disc_rate_sec=3.7807%
Dec  8 06:07:14 =======2022-12-08 15:07:14.432368+09:00=======
Dec  8 06:07:14 [37200,44800,5720]
Dec  8 06:07:14 disc_rate_ins=4.8538%
Dec  8 06:07:14 disc_rate_sec=4.3359%
Dec  8 06:08:19 =======2022-12-08 15:08:19.425179+09:00=======
Dec  8 06:08:19 [37300,44950,5720]
Dec  8 06:08:19 disc_rate_ins=4.7912%
Dec  8 06:08:19 disc_rate_sec=4.5924%
Dec  8 06:09:24 =======2022-12-08 15:09:24.223473+09:00=======
Dec  8 06:09:24 [37150,45000,5740]
Dec  8 06:09:24 disc_rate_ins=4.3004%
Dec  8 06:09:24 disc_rate_sec=3.8722%
Dec  8 06:10:28 =======2022-12-08 15:10:28.762033+09:00=======
Dec  8 06:10:28 [37100,44950,5740]
Dec  8 06:10:28 disc_rate_ins=4.2779%
Dec  8 06:10:28 disc_rate_sec=3.7427%
Dec  8 06:11:33 =======2022-12-08 15:11:33.746984+09:00=======
Dec  8 06:11:33 [37100,44900,5750]
Dec  8 06:11:33 disc_rate_ins=4.3844%
Dec  8 06:11:33 disc_rate_sec=3.5750%
Dec  8 06:12:38 =======2022-12-08 15:12:38.564445+09:00=======
Dec  8 06:12:38 [37100,44850,5750]
Dec  8 06:12:38 disc_rate_ins=4.4909%
Dec  8 06:12:38 disc_rate_sec=3.5750%
Dec  8 06:13:43 =======2022-12-08 15:13:43.229840+09:00=======
Dec  8 06:13:43 [37050,44850,5750]
Dec  8 06:13:43 disc_rate_ins=4.3620%
Dec  8 06:13:43 disc_rate_sec=3.4449%
Dec  8 06:14:48 =======2022-12-08 15:14:48.108555+09:00=======
Dec  8 06:14:48 [37050,44750,5750]
Dec  8 06:14:48 disc_rate_ins=4.5752%
Dec  8 06:14:48 disc_rate_sec=3.4449%
Dec  8 06:15:52 =======2022-12-08 15:15:52.736475+09:00=======
Dec  8 06:15:52 [37100,44850,5740]
Dec  8 06:15:52 disc_rate_ins=4.4909%
Dec  8 06:15:52 disc_rate_sec=3.7427%
Dec  8 06:16:57 =======2022-12-08 15:16:57.708505+09:00=======
Dec  8 06:16:57 [37100,44750,5730]
Dec  8 06:16:57 disc_rate_ins=4.7038%
Dec  8 06:16:57 disc_rate_sec=3.9104%
Dec  8 06:18:02 =======2022-12-08 15:18:02.902787+09:00=======
Dec  8 06:18:02 [37050,44750,5740]
Dec  8 06:18:02 disc_rate_ins=4.5752%
Dec  8 06:18:02 disc_rate_sec=3.6128%
Dec  8 06:19:08 =======2022-12-08 15:19:08.273737+09:00=======
Dec  8 06:19:08 [37050,44750,5740]
Dec  8 06:19:08 disc_rate_ins=4.5752%
Dec  8 06:19:08 disc_rate_sec=3.6128%
Dec  8 06:20:13 =======2022-12-08 15:20:13.209129+09:00=======
Dec  8 06:20:13 [37050,44700,5750]
Dec  8 06:20:13 disc_rate_ins=4.6819%
Dec  8 06:20:13 disc_rate_sec=3.4449%
Dec  8 06:21:18 =======2022-12-08 15:21:18.112735+09:00=======
Dec  8 06:21:18 [37050,44700,5750]
Dec  8 06:21:18 disc_rate_ins=4.6819%
Dec  8 06:21:18 disc_rate_sec=3.4449%
Dec  8 06:22:23 =======2022-12-08 15:22:23.027692+09:00=======
Dec  8 06:22:23 [37050,44700,5750]
Dec  8 06:22:23 disc_rate_ins=4.6819%
Dec  8 06:22:23 disc_rate_sec=3.4449%
Dec  8 06:23:27 =======2022-12-08 15:23:27.783299+09:00=======
Dec  8 06:23:27 [37050,44700,5750]
Dec  8 06:23:27 disc_rate_ins=4.6819%
Dec  8 06:23:27 disc_rate_sec=3.4449%
Dec  8 06:24:32 =======2022-12-08 15:24:32.286039+09:00=======
Dec  8 06:24:32 [37050,44700,5750]
Dec  8 06:24:32 disc_rate_ins=4.6819%
Dec  8 06:24:32 disc_rate_sec=3.4449%
Dec  8 06:25:37 =======2022-12-08 15:25:37.111841+09:00=======
Dec  8 06:25:37 [37050,44700,5750]
Dec  8 06:25:37 disc_rate_ins=4.6819%
Dec  8 06:25:37 disc_rate_sec=3.4449%
Dec  8 06:26:42 =======2022-12-08 15:26:42.111118+09:00=======
Dec  8 06:26:42 [37050,44700,5750]
Dec  8 06:26:42 disc_rate_ins=4.6819%
Dec  8 06:26:42 disc_rate_sec=3.4449%
Dec  8 06:27:47 =======2022-12-08 15:27:47.209630+09:00=======
Dec  8 06:27:47 [37050,44700,5750]
Dec  8 06:27:47 disc_rate_ins=4.6819%
Dec  8 06:27:47 disc_rate_sec=3.4449%
Dec  8 06:28:51 =======2022-12-08 15:28:51.749163+09:00=======
Dec  8 06:28:51 [37050,44700,5750]
Dec  8 06:28:51 disc_rate_ins=4.6819%
Dec  8 06:28:51 disc_rate_sec=3.4449%
Dec  8 06:29:56 =======2022-12-08 15:29:56.679779+09:00=======
Dec  8 06:29:56 [37050,44700,5750]
Dec  8 06:29:56 disc_rate_ins=4.6819%
Dec  8 06:29:56 disc_rate_sec=3.4449%
Dec  8 06:31:01 =======2022-12-08 15:31:01.553330+09:00=======
Dec  8 06:31:01 [37200,44700,5750]
Dec  8 06:31:01 disc_rate_ins=5.0662%
Dec  8 06:31:01 disc_rate_sec=3.8342%
Dec  8 06:32:06 =======2022-12-08 15:32:06.341210+09:00=======
Dec  8 06:32:06 [37200,44350,5750]
Dec  8 06:32:06 disc_rate_ins=5.8095%
Dec  8 06:32:06 disc_rate_sec=3.8342%
Dec  8 06:33:11 =======2022-12-08 15:33:11.138929+09:00=======
Dec  8 06:33:11 [37200,44350,5750]
Dec  8 06:33:11 disc_rate_ins=5.8095%
Dec  8 06:33:11 disc_rate_sec=3.8342%
Dec  8 06:34:15 =======2022-12-08 15:34:15.911032+09:00=======
Dec  8 06:34:15 [37200,44350,5750]
Dec  8 06:34:15 disc_rate_ins=5.8095%
Dec  8 06:34:15 disc_rate_sec=3.8342%
Dec  8 06:35:25 =======2022-12-08 15:35:25.777302+09:00=======
Dec  8 06:35:25 [37200,44350,5750]
Dec  8 06:35:25 disc_rate_ins=5.8095%
Dec  8 06:35:25 disc_rate_sec=3.8342%
Dec  8 06:36:31 =======2022-12-08 15:36:31.202221+09:00=======
Dec  8 06:36:31 [37200,44350,5750]
Dec  8 06:36:31 disc_rate_ins=5.8095%
Dec  8 06:36:31 disc_rate_sec=3.8342%
Dec  8 06:37:35 =======2022-12-08 15:37:35.904735+09:00=======
Dec  8 06:37:35 [37200,44350,5750]
Dec  8 06:37:35 disc_rate_ins=5.8095%
Dec  8 06:37:35 disc_rate_sec=3.8342%
Dec  8 06:38:40 =======2022-12-08 15:38:40.674987+09:00=======
Dec  8 06:38:40 [37200,44350,5750]
Dec  8 06:38:40 disc_rate_ins=5.8095%
Dec  8 06:38:40 disc_rate_sec=3.8342%
Dec  8 06:39:45 =======2022-12-08 15:39:45.671645+09:00=======
Dec  8 06:39:45 [37200,44350,5750]
Dec  8 06:39:45 disc_rate_ins=5.8095%
Dec  8 06:39:45 disc_rate_sec=3.8342%
Dec  8 06:40:50 =======2022-12-08 15:40:50.409111+09:00=======
Dec  8 06:40:50 [37200,44350,5750]
Dec  8 06:40:50 disc_rate_ins=5.8095%
Dec  8 06:40:50 disc_rate_sec=3.8342%
Dec  8 06:41:57 =======2022-12-08 15:41:57.935952+09:00=======
Dec  8 06:41:57 [37200,44350,5750]
Dec  8 06:41:57 disc_rate_ins=5.8095%
Dec  8 06:41:57 disc_rate_sec=3.8342%
Dec  8 06:43:03 =======2022-12-08 15:43:03.692480+09:00=======
Dec  8 06:43:03 [37200,44350,5750]
Dec  8 06:43:03 disc_rate_ins=5.8095%
Dec  8 06:43:03 disc_rate_sec=3.8342%
Dec  8 06:44:10 =======2022-12-08 15:44:10.268850+09:00=======
Dec  8 06:44:10 [37200,44350,5750]
Dec  8 06:44:10 disc_rate_ins=5.8095%
Dec  8 06:44:10 disc_rate_sec=3.8342%
Dec  8 06:45:14 =======2022-12-08 15:45:14.997981+09:00=======
Dec  8 06:45:14 [37200,44350,5750]
Dec  8 06:45:14 disc_rate_ins=5.8095%
Dec  8 06:45:14 disc_rate_sec=3.8342%
Dec  8 06:46:20 =======2022-12-08 15:46:20.184228+09:00=======
Dec  8 06:46:20 [37200,44350,5750]
Dec  8 06:46:20 disc_rate_ins=5.8095%
Dec  8 06:46:20 disc_rate_sec=3.8342%
Dec  8 06:47:25 =======2022-12-08 15:47:25.392325+09:00=======
Dec  8 06:47:25 [37200,44350,5750]
Dec  8 06:47:25 disc_rate_ins=5.8095%
Dec  8 06:47:25 disc_rate_sec=3.8342%
Dec  8 06:48:30 =======2022-12-08 15:48:30.166913+09:00=======
Dec  8 06:48:30 [37200,44350,5750]
Dec  8 06:48:30 disc_rate_ins=5.8095%
Dec  8 06:48:30 disc_rate_sec=3.8342%
Dec  8 06:49:34 =======2022-12-08 15:49:34.715951+09:00=======
Dec  8 06:49:34 [37200,44350,5750]
Dec  8 06:49:34 disc_rate_ins=5.8095%
Dec  8 06:49:34 disc_rate_sec=3.8342%
Dec  8 06:50:39 =======2022-12-08 15:50:39.459330+09:00=======
Dec  8 06:50:39 [37200,44350,5750]
Dec  8 06:50:39 disc_rate_ins=5.8095%
Dec  8 06:50:39 disc_rate_sec=3.8342%
Dec  8 06:51:44 =======2022-12-08 15:51:44.479360+09:00=======
Dec  8 06:51:44 [37200,44350,5750]
Dec  8 06:51:44 disc_rate_ins=5.8095%
Dec  8 06:51:44 disc_rate_sec=3.8342%
Dec  8 06:52:49 =======2022-12-08 15:52:49.293698+09:00=======
Dec  8 06:52:49 [37200,44350,5750]
Dec  8 06:52:49 disc_rate_ins=5.8095%
Dec  8 06:52:49 disc_rate_sec=3.8342%
Dec  8 06:53:54 =======2022-12-08 15:53:54.321804+09:00=======
Dec  8 06:53:54 [37200,44350,5750]
Dec  8 06:53:54 disc_rate_ins=5.8095%
Dec  8 06:53:54 disc_rate_sec=3.8342%
Dec  8 06:54:59 =======2022-12-08 15:54:59.048601+09:00=======
Dec  8 06:54:59 [37200,44350,5750]
Dec  8 06:54:59 disc_rate_ins=5.8095%
Dec  8 06:54:59 disc_rate_sec=3.8342%
Dec  8 06:56:04 =======2022-12-08 15:56:04.048849+09:00=======
Dec  8 06:56:04 [37200,44350,5750]
Dec  8 06:56:04 disc_rate_ins=5.8095%
Dec  8 06:56:04 disc_rate_sec=3.8342%
Dec  8 06:57:09 =======2022-12-08 15:57:09.259444+09:00=======
Dec  8 06:57:09 [37200,44350,5750]
Dec  8 06:57:09 disc_rate_ins=5.8095%
Dec  8 06:57:09 disc_rate_sec=3.8342%
Dec  8 06:58:14 =======2022-12-08 15:58:14.276846+09:00=======
Dec  8 06:58:14 [37200,44350,5750]
Dec  8 06:58:14 disc_rate_ins=5.8095%
Dec  8 06:58:14 disc_rate_sec=3.8342%
Dec  8 06:59:19 =======2022-12-08 15:59:19.612774+09:00=======
Dec  8 06:59:19 [37200,44350,5750]
Dec  8 06:59:19 disc_rate_ins=5.8095%
Dec  8 06:59:19 disc_rate_sec=3.8342%
Dec  8 07:00:19 2022-12-08 16:00:19.638810+09:00 #011Waiting for the next 9am - 17.0000 hours
