Feb  1 01:31:55 v3=======2023-02-01 10:31:55.455854+09:00=======
Feb  1 01:31:55 [43400,51600,6610]
Feb  1 01:31:55 disc_rate_ins=6.0674%
Feb  1 01:31:55 disc_rate_sec=5.2438%
Feb  1 01:33:00 v3=======2023-02-01 10:33:00.734676+09:00=======
Feb  1 01:33:00 [43350,51600,6600]
Feb  1 01:33:00 disc_rate_ins=5.9591%
Feb  1 01:33:00 disc_rate_sec=5.2781%
Feb  1 01:34:05 v3=======2023-02-01 10:34:05.615194+09:00=======
Feb  1 01:34:05 [43300,51600,6590]
Feb  1 01:34:05 disc_rate_ins=5.8505%
Feb  1 01:34:05 disc_rate_sec=5.3124%
Feb  1 01:35:10 v3=======2023-02-01 10:35:10.496229+09:00=======
Feb  1 01:35:10 [43350,51600,6610]
Feb  1 01:35:10 disc_rate_ins=5.9591%
Feb  1 01:35:10 disc_rate_sec=5.1345%
Feb  1 01:36:15 v3=======2023-02-01 10:36:15.210971+09:00=======
Feb  1 01:36:15 [43350,51600,6600]
Feb  1 01:36:15 disc_rate_ins=5.9591%
Feb  1 01:36:15 disc_rate_sec=5.2781%
Feb  1 01:37:20 v3=======2023-02-01 10:37:20.267950+09:00=======
Feb  1 01:37:20 [43350,51600,6590]
Feb  1 01:37:20 disc_rate_ins=5.9591%
Feb  1 01:37:20 disc_rate_sec=5.4216%
Feb  1 01:38:25 v3=======2023-02-01 10:38:25.236330+09:00=======
Feb  1 01:38:25 [43550,51600,6600]
Feb  1 01:38:25 disc_rate_ins=6.3910%
Feb  1 01:38:25 disc_rate_sec=5.7131%
Feb  1 01:39:30 v3=======2023-02-01 10:39:30.443994+09:00=======
Feb  1 01:39:30 [43600,51600,6610]
Feb  1 01:39:30 disc_rate_ins=6.4983%
Feb  1 01:39:30 disc_rate_sec=5.6785%
Feb  1 01:40:40 v3=======2023-02-01 10:40:40.454589+09:00=======
Feb  1 01:40:40 [43550,51600,6610]
Feb  1 01:40:40 disc_rate_ins=6.3910%
Feb  1 01:40:40 disc_rate_sec=5.5702%
Feb  1 01:41:45 v3=======2023-02-01 10:41:45.360703+09:00=======
Feb  1 01:41:45 [43600,51600,6620]
Feb  1 01:41:45 disc_rate_ins=6.4983%
Feb  1 01:41:45 disc_rate_sec=5.5358%
Feb  1 01:42:50 v3=======2023-02-01 10:42:50.988905+09:00=======
Feb  1 01:42:50 [43700,51600,6630]
Feb  1 01:42:50 disc_rate_ins=6.7123%
Feb  1 01:42:50 disc_rate_sec=5.6096%
Feb  1 01:43:55 v3=======2023-02-01 10:43:55.984293+09:00=======
Feb  1 01:43:55 [43600,51600,6630]
Feb  1 01:43:55 disc_rate_ins=6.4983%
Feb  1 01:43:55 disc_rate_sec=5.3931%
Feb  1 01:45:01 v3=======2023-02-01 10:45:01.043504+09:00=======
Feb  1 01:45:01 [43650,51600,6610]
Feb  1 01:45:01 disc_rate_ins=6.6054%
Feb  1 01:45:01 disc_rate_sec=5.7865%
Feb  1 01:46:06 v3=======2023-02-01 10:46:06.544303+09:00=======
Feb  1 01:46:06 [43650,51600,6620]
Feb  1 01:46:06 disc_rate_ins=6.6054%
Feb  1 01:46:06 disc_rate_sec=5.6440%
Feb  1 01:47:11 v3=======2023-02-01 10:47:11.832474+09:00=======
Feb  1 01:47:11 [43650,51600,6610]
Feb  1 01:47:11 disc_rate_ins=6.6054%
Feb  1 01:47:11 disc_rate_sec=5.7865%
Feb  1 01:48:17 v3=======2023-02-01 10:48:17.367901+09:00=======
Feb  1 01:48:17 [43650,51600,6640]
Feb  1 01:48:17 disc_rate_ins=6.6054%
Feb  1 01:48:17 disc_rate_sec=5.3589%
Feb  1 01:49:22 v3=======2023-02-01 10:49:22.453512+09:00=======
Feb  1 01:49:22 [43600,51600,6630]
Feb  1 01:49:22 disc_rate_ins=6.4983%
Feb  1 01:49:22 disc_rate_sec=5.3931%
Feb  1 01:50:27 v3=======2023-02-01 10:50:27.804685+09:00=======
Feb  1 01:50:27 [43450,51600,6630]
Feb  1 01:50:27 disc_rate_ins=6.1755%
Feb  1 01:50:27 disc_rate_sec=5.0665%
Feb  1 01:51:32 v3=======2023-02-01 10:51:32.992348+09:00=======
Feb  1 01:51:32 [43400,51600,6600]
Feb  1 01:51:32 disc_rate_ins=6.0674%
Feb  1 01:51:32 disc_rate_sec=5.3872%
Feb  1 01:52:38 v3=======2023-02-01 10:52:38.011446+09:00=======
Feb  1 01:52:38 [43400,51600,6600]
Feb  1 01:52:38 disc_rate_ins=6.0674%
Feb  1 01:52:38 disc_rate_sec=5.3872%
Feb  1 01:53:43 v3=======2023-02-01 10:53:43.231203+09:00=======
Feb  1 01:53:43 [43400,51600,6600]
Feb  1 01:53:43 disc_rate_ins=6.0674%
Feb  1 01:53:43 disc_rate_sec=5.3872%
Feb  1 01:55:53 v3=======2023-02-01 10:55:53.243672+09:00=======
Feb  1 01:55:53 [43350,51600,6600]
Feb  1 01:55:53 disc_rate_ins=5.9591%
Feb  1 01:55:53 disc_rate_sec=5.2781%
Feb  1 01:56:58 v3=======2023-02-01 10:56:58.382851+09:00=======
Feb  1 01:56:58 [43400,51600,6590]
Feb  1 01:56:58 disc_rate_ins=6.0674%
Feb  1 01:56:58 disc_rate_sec=5.5305%
Feb  1 01:58:03 v3=======2023-02-01 10:58:03.588512+09:00=======
Feb  1 01:58:03 [43500,51600,6610]
Feb  1 01:58:03 disc_rate_ins=6.2834%
Feb  1 01:58:03 disc_rate_sec=5.4617%
Feb  1 01:59:08 v3=======2023-02-01 10:59:08.539245+09:00=======
Feb  1 01:59:08 [43550,51600,6620]
Feb  1 01:59:08 disc_rate_ins=6.3910%
Feb  1 01:59:08 disc_rate_sec=5.4273%
Feb  1 02:00:13 v3=======2023-02-01 11:00:13.639543+09:00=======
Feb  1 02:00:13 [43500,51600,6630]
Feb  1 02:00:13 disc_rate_ins=6.2834%
Feb  1 02:00:13 disc_rate_sec=5.1756%
Feb  1 02:01:18 v3=======2023-02-01 11:01:18.702739+09:00=======
Feb  1 02:01:18 [43550,51600,6630]
Feb  1 02:01:18 disc_rate_ins=6.3910%
Feb  1 02:01:18 disc_rate_sec=5.2845%
Feb  1 02:03:28 v3=======2023-02-01 11:03:28.862744+09:00=======
Feb  1 02:03:28 [43600,51600,6620]
Feb  1 02:03:28 disc_rate_ins=6.4983%
Feb  1 02:03:28 disc_rate_sec=5.5358%
Feb  1 02:04:34 v3=======2023-02-01 11:04:34.155114+09:00=======
Feb  1 02:04:34 [43650,51600,6640]
Feb  1 02:04:34 disc_rate_ins=6.6054%
Feb  1 02:04:34 disc_rate_sec=5.3589%
Feb  1 02:05:38 v3=======2023-02-01 11:05:38.831561+09:00=======
Feb  1 02:05:38 [43650,51600,6640]
Feb  1 02:05:38 disc_rate_ins=6.6054%
Feb  1 02:05:38 disc_rate_sec=5.3589%
Feb  1 02:06:44 v3=======2023-02-01 11:06:44.098454+09:00=======
Feb  1 02:06:44 [43650,51600,6650]
Feb  1 02:06:44 disc_rate_ins=6.6054%
Feb  1 02:06:44 disc_rate_sec=5.2164%
Feb  1 02:07:49 v3=======2023-02-01 11:07:49.255439+09:00=======
Feb  1 02:07:49 [43550,51600,6630]
Feb  1 02:07:49 disc_rate_ins=6.3910%
Feb  1 02:07:49 disc_rate_sec=5.2845%
Feb  1 02:08:54 v3=======2023-02-01 11:08:54.703117+09:00=======
Feb  1 02:08:54 [43550,51600,6630]
Feb  1 02:08:54 disc_rate_ins=6.3910%
Feb  1 02:08:54 disc_rate_sec=5.2845%
Feb  1 02:10:00 v3=======2023-02-01 11:10:00.193678+09:00=======
Feb  1 02:10:00 [43550,51600,6630]
Feb  1 02:10:00 disc_rate_ins=6.3910%
Feb  1 02:10:00 disc_rate_sec=5.2845%
Feb  1 02:11:05 v3=======2023-02-01 11:11:05.207178+09:00=======
Feb  1 02:11:05 [43600,51600,6630]
Feb  1 02:11:05 disc_rate_ins=6.4983%
Feb  1 02:11:05 disc_rate_sec=5.3931%
Feb  1 02:12:10 v3=======2023-02-01 11:12:10.203976+09:00=======
Feb  1 02:12:10 [43600,51600,6630]
Feb  1 02:12:10 disc_rate_ins=6.4983%
Feb  1 02:12:10 disc_rate_sec=5.3931%
Feb  1 02:13:15 v3=======2023-02-01 11:13:15.280294+09:00=======
Feb  1 02:13:15 [43600,51600,6610]
Feb  1 02:13:15 disc_rate_ins=6.4983%
Feb  1 02:13:15 disc_rate_sec=5.6785%
Feb  1 02:14:20 v3=======2023-02-01 11:14:20.593399+09:00=======
Feb  1 02:14:20 [43550,51600,6610]
Feb  1 02:14:20 disc_rate_ins=6.3910%
Feb  1 02:14:20 disc_rate_sec=5.5702%
Feb  1 02:15:25 v3=======2023-02-01 11:15:25.839713+09:00=======
Feb  1 02:15:25 [43550,51600,6610]
Feb  1 02:15:25 disc_rate_ins=6.3910%
Feb  1 02:15:25 disc_rate_sec=5.5702%
Feb  1 02:16:30 v3=======2023-02-01 11:16:30.739559+09:00=======
Feb  1 02:16:30 [43550,51600,6610]
Feb  1 02:16:30 disc_rate_ins=6.3910%
Feb  1 02:16:30 disc_rate_sec=5.5702%
Feb  1 02:17:35 v3=======2023-02-01 11:17:35.778190+09:00=======
Feb  1 02:17:35 [43550,51600,6610]
Feb  1 02:17:35 disc_rate_ins=6.3910%
Feb  1 02:17:35 disc_rate_sec=5.5702%
Feb  1 02:18:40 v3=======2023-02-01 11:18:40.841677+09:00=======
Feb  1 02:18:40 [43450,51600,6610]
Feb  1 02:19:45 v3=======2023-02-01 11:19:45.780324+09:00=======
Feb  1 02:19:45 [43500,51600,6610]
Feb  1 02:19:45 disc_rate_ins=6.2834%
Feb  1 02:19:45 disc_rate_sec=5.4617%
Feb  1 02:20:50 v3=======2023-02-01 11:20:50.786083+09:00=======
Feb  1 02:20:50 [43500,51600,6610]
Feb  1 02:20:50 disc_rate_ins=6.2834%
Feb  1 02:20:50 disc_rate_sec=5.4617%
Feb  1 02:21:55 v3=======2023-02-01 11:21:55.758339+09:00=======
Feb  1 02:21:55 [43500,51600,6610]
Feb  1 02:21:55 disc_rate_ins=6.2834%
Feb  1 02:21:55 disc_rate_sec=5.4617%
Feb  1 02:23:00 v3=======2023-02-01 11:23:00.911553+09:00=======
Feb  1 02:23:00 [43400,51600,6610]
Feb  1 02:23:00 disc_rate_ins=6.0674%
Feb  1 02:23:00 disc_rate_sec=5.2438%
Feb  1 02:24:05 v3=======2023-02-01 11:24:05.917606+09:00=======
Feb  1 02:24:05 [43400,51600,6600]
Feb  1 02:24:05 disc_rate_ins=6.0674%
Feb  1 02:24:05 disc_rate_sec=5.3872%
Feb  1 02:25:11 v3=======2023-02-01 11:25:11.130311+09:00=======
Feb  1 02:25:11 [43400,51600,6600]
Feb  1 02:25:11 disc_rate_ins=6.0674%
Feb  1 02:25:11 disc_rate_sec=5.3872%
Feb  1 02:26:16 v3=======2023-02-01 11:26:16.336055+09:00=======
Feb  1 02:26:16 [43400,51600,6600]
Feb  1 02:26:16 disc_rate_ins=6.0674%
Feb  1 02:26:16 disc_rate_sec=5.3872%
Feb  1 02:27:21 v3=======2023-02-01 11:27:21.505514+09:00=======
Feb  1 02:27:21 [43400,51600,6600]
Feb  1 02:27:21 disc_rate_ins=6.0674%
Feb  1 02:27:21 disc_rate_sec=5.3872%
Feb  1 02:28:26 v3=======2023-02-01 11:28:26.542589+09:00=======
Feb  1 02:28:26 [43400,51600,6600]
Feb  1 02:28:26 disc_rate_ins=6.0674%
Feb  1 02:28:26 disc_rate_sec=5.3872%
Feb  1 02:29:31 v3=======2023-02-01 11:29:31.580546+09:00=======
Feb  1 02:29:31 [43350,51600,6600]
Feb  1 02:29:31 disc_rate_ins=5.9591%
Feb  1 02:29:31 disc_rate_sec=5.2781%
Feb  1 02:30:36 v3=======2023-02-01 11:30:36.712883+09:00=======
Feb  1 02:30:36 [43400,51600,6590]
Feb  1 02:30:36 disc_rate_ins=6.0674%
Feb  1 02:30:36 disc_rate_sec=5.5305%
Feb  1 02:31:41 v3=======2023-02-01 11:31:41.631829+09:00=======
Feb  1 02:31:41 [43400,51600,6600]
Feb  1 02:31:41 disc_rate_ins=6.0674%
Feb  1 02:31:41 disc_rate_sec=5.3872%
Feb  1 02:32:46 v3=======2023-02-01 11:32:46.810345+09:00=======
Feb  1 02:32:46 [43350,51600,6600]
Feb  1 02:32:46 disc_rate_ins=5.9591%
Feb  1 02:32:46 disc_rate_sec=5.2781%
Feb  1 02:33:51 v3=======2023-02-01 11:33:51.780214+09:00=======
Feb  1 02:33:51 [43400,51600,6600]
Feb  1 02:33:51 disc_rate_ins=6.0674%
Feb  1 02:33:51 disc_rate_sec=5.3872%
Feb  1 02:34:56 v3=======2023-02-01 11:34:56.644433+09:00=======
Feb  1 02:34:56 [43400,51600,6590]
Feb  1 02:34:56 disc_rate_ins=6.0674%
Feb  1 02:34:56 disc_rate_sec=5.5305%
Feb  1 02:36:01 v3=======2023-02-01 11:36:01.627374+09:00=======
Feb  1 02:36:01 [43400,51600,6610]
Feb  1 02:36:01 disc_rate_ins=6.0674%
Feb  1 02:36:01 disc_rate_sec=5.2438%
Feb  1 02:37:06 v3=======2023-02-01 11:37:06.728840+09:00=======
Feb  1 02:37:06 [43400,51600,6600]
Feb  1 02:37:06 disc_rate_ins=6.0674%
Feb  1 02:37:06 disc_rate_sec=5.3872%
Feb  1 02:38:17 v3=======2023-02-01 11:38:17.093388+09:00=======
Feb  1 02:38:17 [43450,51600,6600]
Feb  1 02:38:17 disc_rate_ins=6.1755%
Feb  1 02:38:17 disc_rate_sec=5.4961%
Feb  1 02:39:22 v3=======2023-02-01 11:39:22.141930+09:00=======
Feb  1 02:39:22 [43450,51600,6600]
Feb  1 02:39:22 disc_rate_ins=6.1755%
Feb  1 02:39:22 disc_rate_sec=5.4961%
Feb  1 02:40:26 v3=======2023-02-01 11:40:26.924773+09:00=======
Feb  1 02:40:26 [43400,51600,6600]
Feb  1 02:40:26 disc_rate_ins=6.0674%
Feb  1 02:40:26 disc_rate_sec=5.3872%
Feb  1 02:41:31 v3=======2023-02-01 11:41:31.759007+09:00=======
Feb  1 02:41:31 [43450,51600,6610]
Feb  1 02:41:31 disc_rate_ins=6.1755%
Feb  1 02:41:31 disc_rate_sec=5.3529%
Feb  1 02:42:36 v3=======2023-02-01 11:42:36.730819+09:00=======
Feb  1 02:42:36 [43400,51600,6620]
Feb  1 02:42:36 disc_rate_ins=6.0674%
Feb  1 02:42:36 disc_rate_sec=5.1005%
Feb  1 02:43:41 v3=======2023-02-01 11:43:41.756026+09:00=======
Feb  1 02:43:41 [43450,51600,6610]
Feb  1 02:43:41 disc_rate_ins=6.1755%
Feb  1 02:43:41 disc_rate_sec=5.3529%
Feb  1 02:44:46 v3=======2023-02-01 11:44:46.949598+09:00=======
Feb  1 02:44:46 [43450,51600,6620]
Feb  1 02:44:46 disc_rate_ins=6.1755%
Feb  1 02:44:46 disc_rate_sec=5.2097%
Feb  1 02:45:52 v3=======2023-02-01 11:45:52.337727+09:00=======
Feb  1 02:45:52 [43500,51600,6620]
Feb  1 02:45:52 disc_rate_ins=6.2834%
Feb  1 02:45:52 disc_rate_sec=5.3186%
Feb  1 02:46:57 v3=======2023-02-01 11:46:57.505585+09:00=======
Feb  1 02:46:57 [43500,51600,6620]
Feb  1 02:46:57 disc_rate_ins=6.2834%
Feb  1 02:46:57 disc_rate_sec=5.3186%
Feb  1 02:48:02 v3=======2023-02-01 11:48:02.434774+09:00=======
Feb  1 02:48:02 [43500,51600,6620]
Feb  1 02:48:02 disc_rate_ins=6.2834%
Feb  1 02:48:02 disc_rate_sec=5.3186%
Feb  1 02:49:07 v3=======2023-02-01 11:49:07.442461+09:00=======
Feb  1 02:49:07 [43500,51600,6620]
Feb  1 02:49:07 disc_rate_ins=6.2834%
Feb  1 02:49:07 disc_rate_sec=5.3186%
Feb  1 02:50:12 v3=======2023-02-01 11:50:12.490638+09:00=======
Feb  1 02:50:12 [43450,51600,6610]
Feb  1 02:50:12 disc_rate_ins=6.1755%
Feb  1 02:50:12 disc_rate_sec=5.3529%
Feb  1 02:51:17 v3=======2023-02-01 11:51:17.659033+09:00=======
Feb  1 02:51:17 [43450,51600,6610]
Feb  1 02:51:17 disc_rate_ins=6.1755%
Feb  1 02:51:17 disc_rate_sec=5.3529%
Feb  1 02:52:23 v3=======2023-02-01 11:52:23.171129+09:00=======
Feb  1 02:52:23 [43500,51600,6620]
Feb  1 02:52:23 disc_rate_ins=6.2834%
Feb  1 02:52:23 disc_rate_sec=5.3186%
Feb  1 02:53:28 v3=======2023-02-01 11:53:28.555358+09:00=======
Feb  1 02:53:28 [43500,51600,6610]
Feb  1 02:53:28 disc_rate_ins=6.2834%
Feb  1 02:53:28 disc_rate_sec=5.4617%
Feb  1 02:54:34 v3=======2023-02-01 11:54:34.088427+09:00=======
Feb  1 02:54:34 [43500,51600,6630]
Feb  1 02:54:34 disc_rate_ins=6.2834%
Feb  1 02:54:34 disc_rate_sec=5.1756%
Feb  1 02:55:39 v3=======2023-02-01 11:55:39.075100+09:00=======
Feb  1 02:55:39 [43550,51600,6630]
Feb  1 02:55:39 disc_rate_ins=6.3910%
Feb  1 02:55:39 disc_rate_sec=5.2845%
Feb  1 02:56:44 v3=======2023-02-01 11:56:44.202526+09:00=======
Feb  1 02:56:44 [43550,51600,6630]
Feb  1 02:56:44 disc_rate_ins=6.3910%
Feb  1 02:56:44 disc_rate_sec=5.2845%
Feb  1 02:57:49 v3=======2023-02-01 11:57:49.009938+09:00=======
Feb  1 02:57:49 [43550,51600,6630]
Feb  1 02:57:49 disc_rate_ins=6.3910%
Feb  1 02:57:49 disc_rate_sec=5.2845%
Feb  1 02:58:53 v3=======2023-02-01 11:58:53.896018+09:00=======
Feb  1 02:58:53 [43550,51600,6630]
Feb  1 02:58:53 disc_rate_ins=6.3910%
Feb  1 02:58:53 disc_rate_sec=5.2845%
Feb  1 02:59:59 v3=======2023-02-01 11:59:59.518368+09:00=======
Feb  1 02:59:59 [43550,51600,6630]
Feb  1 02:59:59 disc_rate_ins=6.3910%
Feb  1 02:59:59 disc_rate_sec=5.2845%
Feb  1 03:01:04 v3=======2023-02-01 12:01:04.264452+09:00=======
Feb  1 03:01:04 [43550,51600,6630]
Feb  1 03:01:04 disc_rate_ins=6.3910%
Feb  1 03:01:04 disc_rate_sec=5.2845%
Feb  1 03:02:09 v3=======2023-02-01 12:02:09.494002+09:00=======
Feb  1 03:02:09 [43550,51600,6630]
Feb  1 03:02:09 disc_rate_ins=6.3910%
Feb  1 03:02:09 disc_rate_sec=5.2845%
Feb  1 03:03:14 v3=======2023-02-01 12:03:14.263223+09:00=======
Feb  1 03:03:14 [43550,51600,6630]
Feb  1 03:03:14 disc_rate_ins=6.3910%
Feb  1 03:03:14 disc_rate_sec=5.2845%
Feb  1 03:04:19 v3=======2023-02-01 12:04:19.443371+09:00=======
Feb  1 03:04:19 [43550,51600,6630]
Feb  1 03:04:19 disc_rate_ins=6.3910%
Feb  1 03:04:19 disc_rate_sec=5.2845%
Feb  1 03:05:24 v3=======2023-02-01 12:05:24.188583+09:00=======
Feb  1 03:05:24 [43550,51600,6630]
Feb  1 03:05:24 disc_rate_ins=6.3910%
Feb  1 03:05:24 disc_rate_sec=5.2845%
Feb  1 03:06:29 v3=======2023-02-01 12:06:29.342067+09:00=======
Feb  1 03:06:29 [43550,51600,6630]
Feb  1 03:06:29 disc_rate_ins=6.3910%
Feb  1 03:06:29 disc_rate_sec=5.2845%
Feb  1 03:07:34 v3=======2023-02-01 12:07:34.330724+09:00=======
Feb  1 03:07:34 [43550,51600,6620]
Feb  1 03:07:34 disc_rate_ins=6.3910%
Feb  1 03:07:34 disc_rate_sec=5.4273%
Feb  1 03:08:39 v3=======2023-02-01 12:08:39.454586+09:00=======
Feb  1 03:08:39 [43600,51600,6620]
Feb  1 03:08:39 disc_rate_ins=6.4983%
Feb  1 03:08:39 disc_rate_sec=5.5358%
Feb  1 03:09:44 v3=======2023-02-01 12:09:44.809963+09:00=======
Feb  1 03:09:44 [43600,51600,6620]
Feb  1 03:09:44 disc_rate_ins=6.4983%
Feb  1 03:09:44 disc_rate_sec=5.5358%
Feb  1 03:10:49 v3=======2023-02-01 12:10:49.725550+09:00=======
Feb  1 03:10:49 [43600,51600,6630]
Feb  1 03:10:49 disc_rate_ins=6.4983%
Feb  1 03:10:49 disc_rate_sec=5.3931%
Feb  1 03:11:55 v3=======2023-02-01 12:11:55.382195+09:00=======
Feb  1 03:11:55 [43600,51600,6640]
Feb  1 03:11:55 disc_rate_ins=6.4983%
Feb  1 03:11:55 disc_rate_sec=5.2504%
Feb  1 03:13:00 v3=======2023-02-01 12:13:00.828337+09:00=======
Feb  1 03:13:00 [43600,51600,6650]
Feb  1 03:13:00 disc_rate_ins=6.4983%
Feb  1 03:13:00 disc_rate_sec=5.1077%
Feb  1 03:14:06 v3=======2023-02-01 12:14:06.237775+09:00=======
Feb  1 03:14:06 [43600,51600,6630]
Feb  1 03:14:06 disc_rate_ins=6.4983%
Feb  1 03:14:06 disc_rate_sec=5.3931%
Feb  1 03:15:11 v3=======2023-02-01 12:15:11.532490+09:00=======
Feb  1 03:15:11 [43550,51600,6630]
Feb  1 03:15:11 disc_rate_ins=6.3910%
Feb  1 03:15:11 disc_rate_sec=5.2845%
Feb  1 03:16:16 v3=======2023-02-01 12:16:16.591575+09:00=======
Feb  1 03:16:16 [43600,51600,6630]
Feb  1 03:16:16 disc_rate_ins=6.4983%
Feb  1 03:16:16 disc_rate_sec=5.3931%
Feb  1 03:17:21 v3=======2023-02-01 12:17:21.629271+09:00=======
Feb  1 03:17:21 [43600,51600,6630]
Feb  1 03:17:21 disc_rate_ins=6.4983%
Feb  1 03:17:21 disc_rate_sec=5.3931%
Feb  1 03:18:27 v3=======2023-02-01 12:18:27.240446+09:00=======
Feb  1 03:18:27 [43600,51600,6630]
Feb  1 03:18:27 disc_rate_ins=6.4983%
Feb  1 03:18:27 disc_rate_sec=5.3931%
Feb  1 03:19:32 v3=======2023-02-01 12:19:32.315947+09:00=======
Feb  1 03:19:32 [43600,51600,6620]
Feb  1 03:19:32 disc_rate_ins=6.4983%
Feb  1 03:19:32 disc_rate_sec=5.5358%
Feb  1 03:20:37 v3=======2023-02-01 12:20:37.368836+09:00=======
Feb  1 03:20:37 [43450,51600,6610]
Feb  1 03:20:37 disc_rate_ins=6.1755%
Feb  1 03:20:37 disc_rate_sec=5.3529%
Feb  1 03:21:42 v3=======2023-02-01 12:21:42.451438+09:00=======
Feb  1 03:21:42 [43450,51600,6630]
Feb  1 03:21:42 disc_rate_ins=6.1755%
Feb  1 03:21:42 disc_rate_sec=5.0665%
Feb  1 03:22:47 v3=======2023-02-01 12:22:47.927341+09:00=======
Feb  1 03:22:47 [43450,51600,6600]
Feb  1 03:22:47 disc_rate_ins=6.1755%
Feb  1 03:22:47 disc_rate_sec=5.4961%
Feb  1 03:23:53 v3=======2023-02-01 12:23:52.999690+09:00=======
Feb  1 03:23:53 [43450,51600,6610]
Feb  1 03:23:53 disc_rate_ins=6.1755%
Feb  1 03:23:53 disc_rate_sec=5.3529%
Feb  1 03:24:58 v3=======2023-02-01 12:24:58.811372+09:00=======
Feb  1 03:24:58 [43400,51600,6610]
Feb  1 03:24:58 disc_rate_ins=6.0674%
Feb  1 03:24:58 disc_rate_sec=5.2438%
Feb  1 03:26:04 v3=======2023-02-01 12:26:04.038443+09:00=======
Feb  1 03:26:04 [43450,51600,6620]
Feb  1 03:26:04 disc_rate_ins=6.1755%
Feb  1 03:26:04 disc_rate_sec=5.2097%
Feb  1 03:27:09 v3=======2023-02-01 12:27:09.129089+09:00=======
Feb  1 03:27:09 [43450,51600,6610]
Feb  1 03:27:09 disc_rate_ins=6.1755%
Feb  1 03:27:09 disc_rate_sec=5.3529%
Feb  1 03:28:13 v3=======2023-02-01 12:28:13.845787+09:00=======
Feb  1 03:28:13 [43400,51600,6600]
Feb  1 03:28:13 disc_rate_ins=6.0674%
Feb  1 03:28:13 disc_rate_sec=5.3872%
Feb  1 03:29:18 v3=======2023-02-01 12:29:18.937742+09:00=======
Feb  1 03:29:18 [43450,51600,6600]
Feb  1 03:29:18 disc_rate_ins=6.1755%
Feb  1 03:29:18 disc_rate_sec=5.4961%
Feb  1 03:30:23 v3=======2023-02-01 12:30:23.770268+09:00=======
Feb  1 03:30:23 [43450,51600,6610]
Feb  1 03:30:23 disc_rate_ins=6.1755%
Feb  1 03:30:23 disc_rate_sec=5.3529%
Feb  1 03:31:29 v3=======2023-02-01 12:31:29.268670+09:00=======
Feb  1 03:31:29 [43450,51600,6600]
Feb  1 03:31:29 disc_rate_ins=6.1755%
Feb  1 03:31:29 disc_rate_sec=5.4961%
Feb  1 03:32:34 v3=======2023-02-01 12:32:34.280548+09:00=======
Feb  1 03:32:34 [43350,51600,6590]
Feb  1 03:32:34 disc_rate_ins=5.9591%
Feb  1 03:32:34 disc_rate_sec=5.4216%
Feb  1 03:33:39 v3=======2023-02-01 12:33:39.311284+09:00=======
Feb  1 03:33:39 [43400,51600,6600]
Feb  1 03:33:39 disc_rate_ins=6.0674%
Feb  1 03:33:39 disc_rate_sec=5.3872%
Feb  1 03:34:44 v3=======2023-02-01 12:34:44.025040+09:00=======
Feb  1 03:34:44 [43400,51600,6600]
Feb  1 03:34:44 disc_rate_ins=6.0674%
Feb  1 03:34:44 disc_rate_sec=5.3872%
Feb  1 03:35:49 v3=======2023-02-01 12:35:49.309946+09:00=======
Feb  1 03:35:49 [43350,51600,6600]
Feb  1 03:35:49 disc_rate_ins=5.9591%
Feb  1 03:35:49 disc_rate_sec=5.2781%
Feb  1 03:36:54 v3=======2023-02-01 12:36:54.719538+09:00=======
Feb  1 03:36:54 [43400,51600,6610]
Feb  1 03:36:54 disc_rate_ins=6.0674%
Feb  1 03:36:54 disc_rate_sec=5.2438%
Feb  1 03:37:59 v3=======2023-02-01 12:37:59.811405+09:00=======
Feb  1 03:37:59 [43400,51600,6600]
Feb  1 03:37:59 disc_rate_ins=6.0674%
Feb  1 03:37:59 disc_rate_sec=5.3872%
Feb  1 03:39:05 v3=======2023-02-01 12:39:05.190725+09:00=======
Feb  1 03:39:05 [43400,51600,6600]
Feb  1 03:39:05 disc_rate_ins=6.0674%
Feb  1 03:39:05 disc_rate_sec=5.3872%
Feb  1 03:40:10 v3=======2023-02-01 12:40:10.242280+09:00=======
Feb  1 03:40:10 [43350,51600,6600]
Feb  1 03:40:10 disc_rate_ins=5.9591%
Feb  1 03:40:10 disc_rate_sec=5.2781%
Feb  1 03:41:15 v3=======2023-02-01 12:41:15.003647+09:00=======
Feb  1 03:41:15 [43400,51600,6610]
Feb  1 03:41:15 disc_rate_ins=6.0674%
Feb  1 03:41:15 disc_rate_sec=5.2438%
Feb  1 03:42:20 v3=======2023-02-01 12:42:20.437523+09:00=======
Feb  1 03:42:20 [43400,51600,6600]
Feb  1 03:42:20 disc_rate_ins=6.0674%
Feb  1 03:42:20 disc_rate_sec=5.3872%
Feb  1 03:43:25 v3=======2023-02-01 12:43:25.691351+09:00=======
Feb  1 03:43:25 [43400,51600,6610]
Feb  1 03:43:25 disc_rate_ins=6.0674%
Feb  1 03:43:25 disc_rate_sec=5.2438%
Feb  1 03:44:30 v3=======2023-02-01 12:44:30.718459+09:00=======
Feb  1 03:44:30 [43400,51600,6600]
Feb  1 03:44:30 disc_rate_ins=6.0674%
Feb  1 03:44:30 disc_rate_sec=5.3872%
Feb  1 03:45:36 v3=======2023-02-01 12:45:36.135919+09:00=======
Feb  1 03:45:36 [43400,51600,6610]
Feb  1 03:45:36 disc_rate_ins=6.0674%
Feb  1 03:45:36 disc_rate_sec=5.2438%
Feb  1 03:46:40 v3=======2023-02-01 12:46:40.941091+09:00=======
Feb  1 03:46:40 [43350,51600,6600]
Feb  1 03:46:40 disc_rate_ins=5.9591%
Feb  1 03:46:40 disc_rate_sec=5.2781%
Feb  1 03:47:46 v3=======2023-02-01 12:47:46.105458+09:00=======
Feb  1 03:47:46 [43400,51600,6610]
Feb  1 03:47:46 disc_rate_ins=6.0674%
Feb  1 03:47:46 disc_rate_sec=5.2438%
Feb  1 03:48:51 v3=======2023-02-01 12:48:51.621789+09:00=======
Feb  1 03:48:51 [43350,51600,6600]
Feb  1 03:48:51 disc_rate_ins=5.9591%
Feb  1 03:48:51 disc_rate_sec=5.2781%
Feb  1 03:49:56 v3=======2023-02-01 12:49:56.592485+09:00=======
Feb  1 03:49:56 [43400,51600,6590]
Feb  1 03:49:56 disc_rate_ins=6.0674%
Feb  1 03:49:56 disc_rate_sec=5.5305%
Feb  1 03:51:01 v3=======2023-02-01 12:51:01.687759+09:00=======
Feb  1 03:51:01 [43350,51600,6590]
Feb  1 03:51:01 disc_rate_ins=5.9591%
Feb  1 03:51:01 disc_rate_sec=5.4216%
Feb  1 03:52:06 v3=======2023-02-01 12:52:06.562876+09:00=======
Feb  1 03:52:06 [43350,51600,6590]
Feb  1 03:52:06 disc_rate_ins=5.9591%
Feb  1 03:52:06 disc_rate_sec=5.4216%
Feb  1 03:53:11 v3=======2023-02-01 12:53:11.925868+09:00=======
Feb  1 03:53:11 [43400,51600,6600]
Feb  1 03:53:11 disc_rate_ins=6.0674%
Feb  1 03:53:11 disc_rate_sec=5.3872%
Feb  1 03:54:17 v3=======2023-02-01 12:54:17.499056+09:00=======
Feb  1 03:54:17 [43350,51600,6590]
Feb  1 03:54:17 disc_rate_ins=5.9591%
Feb  1 03:54:17 disc_rate_sec=5.4216%
Feb  1 03:55:22 v3=======2023-02-01 12:55:22.864162+09:00=======
Feb  1 03:55:22 [43350,51600,6590]
Feb  1 03:55:22 disc_rate_ins=5.9591%
Feb  1 03:55:22 disc_rate_sec=5.4216%
Feb  1 03:56:27 v3=======2023-02-01 12:56:27.791873+09:00=======
Feb  1 03:56:27 [43300,51600,6590]
Feb  1 03:56:27 disc_rate_ins=5.8505%
Feb  1 03:56:27 disc_rate_sec=5.3124%
Feb  1 03:57:32 v3=======2023-02-01 12:57:32.972417+09:00=======
Feb  1 03:57:32 [43350,51600,6600]
Feb  1 03:57:32 disc_rate_ins=5.9591%
Feb  1 03:57:32 disc_rate_sec=5.2781%
Feb  1 03:58:38 v3=======2023-02-01 12:58:38.115367+09:00=======
Feb  1 03:58:38 [43350,51600,6590]
Feb  1 03:58:38 disc_rate_ins=5.9591%
Feb  1 03:58:38 disc_rate_sec=5.4216%
Feb  1 03:59:43 v3=======2023-02-01 12:59:43.197500+09:00=======
Feb  1 03:59:43 [43350,51600,6590]
Feb  1 03:59:43 disc_rate_ins=5.9591%
Feb  1 03:59:43 disc_rate_sec=5.4216%
Feb  1 04:00:48 v3=======2023-02-01 13:00:48.325999+09:00=======
Feb  1 04:00:48 [43350,51600,6590]
Feb  1 04:00:48 disc_rate_ins=5.9591%
Feb  1 04:00:48 disc_rate_sec=5.4216%
Feb  1 04:01:53 v3=======2023-02-01 13:01:53.587548+09:00=======
Feb  1 04:01:53 [43400,51600,6600]
Feb  1 04:01:53 disc_rate_ins=6.0674%
Feb  1 04:01:53 disc_rate_sec=5.3872%
Feb  1 04:02:58 v3=======2023-02-01 13:02:58.316618+09:00=======
Feb  1 04:02:58 [43350,51600,6600]
Feb  1 04:02:58 disc_rate_ins=5.9591%
Feb  1 04:02:58 disc_rate_sec=5.2781%
Feb  1 04:04:03 v3=======2023-02-01 13:04:03.306700+09:00=======
Feb  1 04:04:03 [43400,51600,6620]
Feb  1 04:04:03 disc_rate_ins=6.0674%
Feb  1 04:04:03 disc_rate_sec=5.1005%
Feb  1 04:05:08 v3=======2023-02-01 13:05:08.709770+09:00=======
Feb  1 04:05:08 [43400,51600,6620]
Feb  1 04:05:08 disc_rate_ins=6.0674%
Feb  1 04:05:08 disc_rate_sec=5.1005%
Feb  1 04:06:13 v3=======2023-02-01 13:06:13.846930+09:00=======
Feb  1 04:06:13 [43400,51600,6630]
Feb  1 04:06:13 disc_rate_ins=6.0674%
Feb  1 04:06:13 disc_rate_sec=4.9571%
Feb  1 04:07:18 v3=======2023-02-01 13:07:18.937744+09:00=======
Feb  1 04:07:18 [43400,51600,6600]
Feb  1 04:07:18 disc_rate_ins=6.0674%
Feb  1 04:07:18 disc_rate_sec=5.3872%
Feb  1 04:08:23 v3=======2023-02-01 13:08:23.835866+09:00=======
Feb  1 04:08:23 [43400,51600,6640]
Feb  1 04:08:23 disc_rate_ins=6.0674%
Feb  1 04:08:23 disc_rate_sec=4.8138%
Feb  1 04:09:28 v3=======2023-02-01 13:09:28.934761+09:00=======
Feb  1 04:09:28 [43450,51600,6630]
Feb  1 04:09:28 disc_rate_ins=6.1755%
Feb  1 04:09:28 disc_rate_sec=5.0665%
Feb  1 04:10:34 v3=======2023-02-01 13:10:34.335803+09:00=======
Feb  1 04:10:34 [43500,51600,6620]
Feb  1 04:10:34 disc_rate_ins=6.2834%
Feb  1 04:10:34 disc_rate_sec=5.3186%
Feb  1 04:11:39 v3=======2023-02-01 13:11:39.595274+09:00=======
Feb  1 04:11:39 [43500,51600,6650]
Feb  1 04:11:39 disc_rate_ins=6.2834%
Feb  1 04:11:39 disc_rate_sec=4.8896%
Feb  1 04:12:44 v3=======2023-02-01 13:12:44.571303+09:00=======
Feb  1 04:12:44 [43500,51600,6650]
Feb  1 04:12:44 disc_rate_ins=6.2834%
Feb  1 04:12:44 disc_rate_sec=4.8896%
Feb  1 04:13:49 v3=======2023-02-01 13:13:49.894742+09:00=======
Feb  1 04:13:49 [43500,51600,6630]
Feb  1 04:13:49 disc_rate_ins=6.2834%
Feb  1 04:13:49 disc_rate_sec=5.1756%
Feb  1 04:14:55 v3=======2023-02-01 13:14:55.039763+09:00=======
Feb  1 04:14:55 [43500,51600,6630]
Feb  1 04:14:55 disc_rate_ins=6.2834%
Feb  1 04:14:55 disc_rate_sec=5.1756%
Feb  1 04:16:00 v3=======2023-02-01 13:16:00.469047+09:00=======
Feb  1 04:16:00 [43500,51600,6620]
Feb  1 04:16:00 disc_rate_ins=6.2834%
Feb  1 04:16:00 disc_rate_sec=5.3186%
Feb  1 04:17:05 v3=======2023-02-01 13:17:05.339085+09:00=======
Feb  1 04:17:05 [43500,51600,6630]
Feb  1 04:17:05 disc_rate_ins=6.2834%
Feb  1 04:17:05 disc_rate_sec=5.1756%
Feb  1 04:18:10 v3=======2023-02-01 13:18:10.383630+09:00=======
Feb  1 04:18:10 [43500,51600,6630]
Feb  1 04:18:10 disc_rate_ins=6.2834%
Feb  1 04:18:10 disc_rate_sec=5.1756%
Feb  1 04:19:15 v3=======2023-02-01 13:19:15.920458+09:00=======
Feb  1 04:19:15 [43500,51600,6650]
Feb  1 04:19:15 disc_rate_ins=6.2834%
Feb  1 04:19:15 disc_rate_sec=4.8896%
Feb  1 04:20:20 v3=======2023-02-01 13:20:20.912834+09:00=======
Feb  1 04:20:20 [43500,51600,6620]
Feb  1 04:20:20 disc_rate_ins=6.2834%
Feb  1 04:20:20 disc_rate_sec=5.3186%
Feb  1 04:21:25 v3=======2023-02-01 13:21:25.800719+09:00=======
Feb  1 04:21:25 [43500,51600,6620]
Feb  1 04:21:25 disc_rate_ins=6.2834%
Feb  1 04:21:25 disc_rate_sec=5.3186%
Feb  1 04:22:30 v3=======2023-02-01 13:22:30.667231+09:00=======
Feb  1 04:22:30 [43500,51600,6610]
Feb  1 04:22:30 disc_rate_ins=6.2834%
Feb  1 04:22:30 disc_rate_sec=5.4617%
Feb  1 04:23:35 v3=======2023-02-01 13:23:35.877115+09:00=======
Feb  1 04:23:35 [43450,51600,6630]
Feb  1 04:23:35 disc_rate_ins=6.1755%
Feb  1 04:23:35 disc_rate_sec=5.0665%
Feb  1 04:24:41 v3=======2023-02-01 13:24:41.030059+09:00=======
Feb  1 04:24:41 [43500,51600,6630]
Feb  1 04:24:41 disc_rate_ins=6.2834%
Feb  1 04:24:41 disc_rate_sec=5.1756%
Feb  1 04:25:45 v3=======2023-02-01 13:25:45.984282+09:00=======
Feb  1 04:25:45 [43500,51600,6630]
Feb  1 04:25:45 disc_rate_ins=6.2834%
Feb  1 04:25:45 disc_rate_sec=5.1756%
Feb  1 04:26:51 v3=======2023-02-01 13:26:51.176258+09:00=======
Feb  1 04:26:51 [43500,51600,6640]
Feb  1 04:26:51 disc_rate_ins=6.2834%
Feb  1 04:26:51 disc_rate_sec=5.0326%
Feb  1 04:27:56 v3=======2023-02-01 13:27:56.214256+09:00=======
Feb  1 04:27:56 [43350,51600,6620]
Feb  1 04:27:56 disc_rate_ins=5.9591%
Feb  1 04:27:56 disc_rate_sec=4.9910%
Feb  1 04:29:01 v3=======2023-02-01 13:29:01.374168+09:00=======
Feb  1 04:29:01 [43350,51600,6630]
Feb  1 04:29:01 disc_rate_ins=5.9591%
Feb  1 04:29:01 disc_rate_sec=4.8475%
Feb  1 04:30:06 v3=======2023-02-01 13:30:06.593180+09:00=======
Feb  1 04:30:06 [43300,51600,6620]
Feb  1 04:30:06 disc_rate_ins=5.8505%
Feb  1 04:30:06 disc_rate_sec=4.8813%
Feb  1 04:31:11 v3=======2023-02-01 13:31:11.891752+09:00=======
Feb  1 04:31:11 [43250,51600,6630]
Feb  1 04:31:11 disc_rate_ins=5.7416%
Feb  1 04:31:11 disc_rate_sec=4.6275%
Feb  1 04:32:22 v3=======2023-02-01 13:32:22.159044+09:00=======
Feb  1 04:32:22 [43200,51600,6610]
Feb  1 04:32:22 disc_rate_ins=5.6326%
Feb  1 04:32:22 disc_rate_sec=4.8051%
Feb  1 04:33:27 v3=======2023-02-01 13:33:27.506560+09:00=======
Feb  1 04:33:27 [43100,51600,6610]
Feb  1 04:33:27 disc_rate_ins=5.4136%
Feb  1 04:33:27 disc_rate_sec=4.5843%
Feb  1 04:34:32 v3=======2023-02-01 13:34:32.662960+09:00=======
Feb  1 04:34:32 [43050,51600,6620]
Feb  1 04:34:32 disc_rate_ins=5.3037%
Feb  1 04:34:32 disc_rate_sec=4.3289%
Feb  1 04:35:37 v3=======2023-02-01 13:35:37.471530+09:00=======
Feb  1 04:35:37 [43050,51600,6610]
Feb  1 04:35:37 disc_rate_ins=5.3037%
Feb  1 04:35:37 disc_rate_sec=4.4735%
Feb  1 04:36:42 v3=======2023-02-01 13:36:42.803544+09:00=======
Feb  1 04:36:42 [43100,51600,6620]
Feb  1 04:36:42 disc_rate_ins=5.4136%
Feb  1 04:36:42 disc_rate_sec=4.4399%
Feb  1 04:37:48 v3=======2023-02-01 13:37:48.078120+09:00=======
Feb  1 04:37:48 [43050,51600,6620]
Feb  1 04:37:48 disc_rate_ins=5.3037%
Feb  1 04:37:48 disc_rate_sec=4.3289%
Feb  1 04:38:53 v3=======2023-02-01 13:38:53.406022+09:00=======
Feb  1 04:38:53 [43100,51600,6610]
Feb  1 04:38:53 disc_rate_ins=5.4136%
Feb  1 04:38:53 disc_rate_sec=4.5843%
Feb  1 04:39:58 v3=======2023-02-01 13:39:58.943771+09:00=======
Feb  1 04:39:58 [43050,51600,6620]
Feb  1 04:39:58 disc_rate_ins=5.3037%
Feb  1 04:39:58 disc_rate_sec=4.3289%
Feb  1 04:41:04 v3=======2023-02-01 13:41:04.047972+09:00=======
Feb  1 04:41:04 [43100,51600,6620]
Feb  1 04:41:04 disc_rate_ins=5.4136%
Feb  1 04:41:04 disc_rate_sec=4.4399%
Feb  1 04:42:09 v3=======2023-02-01 13:42:09.657907+09:00=======
Feb  1 04:42:09 [43000,51600,6630]
Feb  1 04:42:09 disc_rate_ins=5.1936%
Feb  1 04:42:09 disc_rate_sec=4.0730%
Feb  1 04:43:14 v3=======2023-02-01 13:43:14.627937+09:00=======
Feb  1 04:43:14 [42950,51600,6630]
Feb  1 04:43:14 disc_rate_ins=5.0833%
Feb  1 04:43:14 disc_rate_sec=3.9613%
Feb  1 04:44:19 v3=======2023-02-01 13:44:19.416311+09:00=======
Feb  1 04:44:19 [42850,51600,6620]
Feb  1 04:44:19 disc_rate_ins=4.8618%
Feb  1 04:44:19 disc_rate_sec=3.8824%
Feb  1 04:45:24 v3=======2023-02-01 13:45:24.357614+09:00=======
Feb  1 04:45:24 [42850,51600,6630]
Feb  1 04:45:24 disc_rate_ins=4.8618%
Feb  1 04:45:24 disc_rate_sec=3.7372%
Feb  1 04:46:29 v3=======2023-02-01 13:46:29.655168+09:00=======
Feb  1 04:46:29 [42900,51600,6610]
Feb  1 04:46:29 disc_rate_ins=4.9726%
Feb  1 04:46:29 disc_rate_sec=4.1394%
Feb  1 04:47:34 v3=======2023-02-01 13:47:34.607392+09:00=======
Feb  1 04:47:34 [42950,51600,6610]
Feb  1 04:47:34 disc_rate_ins=5.0833%
Feb  1 04:47:34 disc_rate_sec=4.2510%
Feb  1 04:48:39 v3=======2023-02-01 13:48:39.823018+09:00=======
Feb  1 04:48:39 [42900,51600,6600]
Feb  1 04:48:39 disc_rate_ins=4.9726%
Feb  1 04:48:39 disc_rate_sec=4.2845%
Feb  1 04:49:44 v3=======2023-02-01 13:49:44.937090+09:00=======
Feb  1 04:49:44 [43000,51600,6610]
Feb  1 04:49:44 disc_rate_ins=5.1936%
Feb  1 04:49:44 disc_rate_sec=4.3624%
Feb  1 04:50:49 v3=======2023-02-01 13:50:49.971862+09:00=======
Feb  1 04:50:49 [42950,51600,6610]
Feb  1 04:50:49 disc_rate_ins=5.0833%
Feb  1 04:50:49 disc_rate_sec=4.2510%
Feb  1 04:51:55 v3=======2023-02-01 13:51:55.217841+09:00=======
Feb  1 04:51:55 [42950,51600,6610]
Feb  1 04:51:55 disc_rate_ins=5.0833%
Feb  1 04:51:55 disc_rate_sec=4.2510%
Feb  1 04:53:00 v3=======2023-02-01 13:53:00.368341+09:00=======
Feb  1 04:53:00 [43000,51600,6610]
Feb  1 04:53:00 disc_rate_ins=5.1936%
Feb  1 04:53:00 disc_rate_sec=4.3624%
Feb  1 04:54:05 v3=======2023-02-01 13:54:05.703792+09:00=======
Feb  1 04:54:05 [42950,51600,6620]
Feb  1 04:54:05 disc_rate_ins=5.0833%
Feb  1 04:54:05 disc_rate_sec=4.1062%
Feb  1 04:55:10 v3=======2023-02-01 13:55:10.984942+09:00=======
Feb  1 04:55:10 [43000,51600,6610]
Feb  1 04:55:10 disc_rate_ins=5.1936%
Feb  1 04:55:10 disc_rate_sec=4.3624%
Feb  1 04:56:16 v3=======2023-02-01 13:56:16.352423+09:00=======
Feb  1 04:56:16 [43000,51600,6610]
Feb  1 04:56:16 disc_rate_ins=5.1936%
Feb  1 04:56:16 disc_rate_sec=4.3624%
Feb  1 04:57:21 v3=======2023-02-01 13:57:21.052739+09:00=======
Feb  1 04:57:21 [43000,51600,6620]
Feb  1 04:57:21 disc_rate_ins=5.1936%
Feb  1 04:57:21 disc_rate_sec=4.2177%
Feb  1 04:58:26 v3=======2023-02-01 13:58:26.291481+09:00=======
Feb  1 04:58:26 [42950,51600,6620]
Feb  1 04:58:26 disc_rate_ins=5.0833%
Feb  1 04:58:26 disc_rate_sec=4.1062%
Feb  1 04:59:31 v3=======2023-02-01 13:59:31.304917+09:00=======
Feb  1 04:59:31 [42950,51600,6610]
Feb  1 04:59:31 disc_rate_ins=5.0833%
Feb  1 04:59:31 disc_rate_sec=4.2510%
Feb  1 05:00:36 v3=======2023-02-01 14:00:36.186551+09:00=======
Feb  1 05:00:36 [43000,51600,6630]
Feb  1 05:00:36 disc_rate_ins=5.1936%
Feb  1 05:00:36 disc_rate_sec=4.0730%
Feb  1 05:01:41 v3=======2023-02-01 14:01:41.525375+09:00=======
Feb  1 05:01:41 [42950,51600,6620]
Feb  1 05:01:41 disc_rate_ins=5.0833%
Feb  1 05:01:41 disc_rate_sec=4.1062%
Feb  1 05:02:51 v3=======2023-02-01 14:02:51.764747+09:00=======
Feb  1 05:02:51 [42850,51600,6620]
Feb  1 05:02:51 disc_rate_ins=4.8618%
Feb  1 05:02:51 disc_rate_sec=3.8824%
Feb  1 05:03:56 v3=======2023-02-01 14:03:56.927691+09:00=======
Feb  1 05:03:56 [42850,51600,6630]
Feb  1 05:03:56 disc_rate_ins=4.8618%
Feb  1 05:03:56 disc_rate_sec=3.7372%
Feb  1 05:05:01 v3=======2023-02-01 14:05:01.981370+09:00=======
Feb  1 05:05:01 [42900,51600,6620]
Feb  1 05:05:01 disc_rate_ins=4.9726%
Feb  1 05:05:01 disc_rate_sec=3.9944%
Feb  1 05:06:07 v3=======2023-02-01 14:06:07.059608+09:00=======
Feb  1 05:06:07 [42850,51600,6620]
Feb  1 05:06:07 disc_rate_ins=4.8618%
Feb  1 05:06:07 disc_rate_sec=3.8824%
Feb  1 05:07:11 v3=======2023-02-01 14:07:11.888152+09:00=======
Feb  1 05:07:11 [42900,51600,6620]
Feb  1 05:07:11 disc_rate_ins=4.9726%
Feb  1 05:07:11 disc_rate_sec=3.9944%
Feb  1 05:08:16 v3=======2023-02-01 14:08:16.869982+09:00=======
Feb  1 05:08:16 [42900,51600,6630]
Feb  1 05:08:16 disc_rate_ins=4.9726%
Feb  1 05:08:16 disc_rate_sec=3.8494%
Feb  1 05:09:21 v3=======2023-02-01 14:09:21.954103+09:00=======
Feb  1 05:09:21 [42850,51600,6630]
Feb  1 05:09:21 disc_rate_ins=4.8618%
Feb  1 05:09:21 disc_rate_sec=3.7372%
Feb  1 05:10:27 v3=======2023-02-01 14:10:27.202665+09:00=======
Feb  1 05:10:27 [42900,51600,6620]
Feb  1 05:10:27 disc_rate_ins=4.9726%
Feb  1 05:10:27 disc_rate_sec=3.9944%
Feb  1 05:11:32 v3=======2023-02-01 14:11:32.104357+09:00=======
Feb  1 05:11:32 [42850,51600,6620]
Feb  1 05:11:32 disc_rate_ins=4.8618%
Feb  1 05:11:32 disc_rate_sec=3.8824%
Feb  1 05:12:37 v3=======2023-02-01 14:12:37.278720+09:00=======
Feb  1 05:12:37 [42900,51600,6610]
Feb  1 05:12:37 disc_rate_ins=4.9726%
Feb  1 05:12:37 disc_rate_sec=4.1394%
Feb  1 05:13:42 v3=======2023-02-01 14:13:42.312520+09:00=======
Feb  1 05:13:42 [42900,51600,6600]
Feb  1 05:13:42 disc_rate_ins=4.9726%
Feb  1 05:13:42 disc_rate_sec=4.2845%
Feb  1 05:14:47 v3=======2023-02-01 14:14:47.667606+09:00=======
Feb  1 05:14:47 [42850,51600,6600]
Feb  1 05:14:47 disc_rate_ins=4.8618%
Feb  1 05:14:47 disc_rate_sec=4.1728%
Feb  1 05:15:52 v3=======2023-02-01 14:15:52.985550+09:00=======
Feb  1 05:15:52 [42900,51600,6590]
Feb  1 05:15:52 disc_rate_ins=4.9726%
Feb  1 05:15:52 disc_rate_sec=4.4295%
Feb  1 05:16:58 v3=======2023-02-01 14:16:58.039919+09:00=======
Feb  1 05:16:58 [42900,51600,6600]
Feb  1 05:16:58 disc_rate_ins=4.9726%
Feb  1 05:16:58 disc_rate_sec=4.2845%
Feb  1 05:18:03 v3=======2023-02-01 14:18:03.167901+09:00=======
Feb  1 05:18:03 [42900,51600,6590]
Feb  1 05:18:03 disc_rate_ins=4.9726%
Feb  1 05:18:03 disc_rate_sec=4.4295%
Feb  1 05:19:08 v3=======2023-02-01 14:19:08.887257+09:00=======
Feb  1 05:19:08 [42850,51600,6590]
Feb  1 05:19:08 disc_rate_ins=4.8618%
Feb  1 05:19:08 disc_rate_sec=4.3180%
Feb  1 05:20:13 v3=======2023-02-01 14:20:13.969033+09:00=======
Feb  1 05:20:13 [42850,51600,6600]
Feb  1 05:20:13 disc_rate_ins=4.8618%
Feb  1 05:20:13 disc_rate_sec=4.1728%
Feb  1 05:21:19 v3=======2023-02-01 14:21:19.132554+09:00=======
Feb  1 05:21:19 [42900,51600,6590]
Feb  1 05:21:19 disc_rate_ins=4.9726%
Feb  1 05:21:19 disc_rate_sec=4.4295%
Feb  1 05:22:24 v3=======2023-02-01 14:22:24.179690+09:00=======
Feb  1 05:22:24 [42900,51600,6590]
Feb  1 05:22:24 disc_rate_ins=4.9726%
Feb  1 05:22:24 disc_rate_sec=4.4295%
Feb  1 05:23:29 v3=======2023-02-01 14:23:29.655077+09:00=======
Feb  1 05:23:29 [42850,51600,6590]
Feb  1 05:23:29 disc_rate_ins=4.8618%
Feb  1 05:23:29 disc_rate_sec=4.3180%
Feb  1 05:24:34 v3=======2023-02-01 14:24:34.798443+09:00=======
Feb  1 05:24:34 [42900,51600,6590]
Feb  1 05:24:34 disc_rate_ins=4.9726%
Feb  1 05:24:34 disc_rate_sec=4.4295%
Feb  1 05:25:39 v3=======2023-02-01 14:25:39.869915+09:00=======
Feb  1 05:25:39 [42900,51600,6600]
Feb  1 05:25:39 disc_rate_ins=4.9726%
Feb  1 05:25:39 disc_rate_sec=4.2845%
Feb  1 05:26:44 v3=======2023-02-01 14:26:44.776008+09:00=======
Feb  1 05:26:44 [42900,51600,6600]
Feb  1 05:26:44 disc_rate_ins=4.9726%
Feb  1 05:26:44 disc_rate_sec=4.2845%
Feb  1 05:27:49 v3=======2023-02-01 14:27:49.785306+09:00=======
Feb  1 05:27:49 [42900,51600,6600]
Feb  1 05:27:49 disc_rate_ins=4.9726%
Feb  1 05:27:49 disc_rate_sec=4.2845%
Feb  1 05:28:55 v3=======2023-02-01 14:28:55.304746+09:00=======
Feb  1 05:28:55 [42900,51600,6590]
Feb  1 05:28:55 disc_rate_ins=4.9726%
Feb  1 05:28:55 disc_rate_sec=4.4295%
Feb  1 05:30:00 v3=======2023-02-01 14:30:00.493993+09:00=======
Feb  1 05:30:00 [42850,51600,6580]
Feb  1 05:30:00 disc_rate_ins=4.8618%
Feb  1 05:30:00 disc_rate_sec=4.4632%
Feb  1 05:31:05 v3=======2023-02-01 14:31:05.583544+09:00=======
Feb  1 05:31:05 [42950,51600,6580]
Feb  1 05:31:05 disc_rate_ins=5.0833%
Feb  1 05:31:05 disc_rate_sec=4.6856%
Feb  1 05:32:11 v3=======2023-02-01 14:32:11.167524+09:00=======
Feb  1 05:32:11 [43000,51600,6590]
Feb  1 05:32:11 disc_rate_ins=5.1936%
Feb  1 05:32:11 disc_rate_sec=4.6518%
Feb  1 05:33:16 v3=======2023-02-01 14:33:16.280077+09:00=======
Feb  1 05:33:16 [43000,51600,6590]
Feb  1 05:33:16 disc_rate_ins=5.1936%
Feb  1 05:33:16 disc_rate_sec=4.6518%
Feb  1 05:34:21 v3=======2023-02-01 14:34:21.669175+09:00=======
Feb  1 05:34:21 [42950,51600,6590]
Feb  1 05:34:21 disc_rate_ins=5.0833%
Feb  1 05:34:21 disc_rate_sec=4.5408%
Feb  1 05:35:26 v3=======2023-02-01 14:35:26.691208+09:00=======
Feb  1 05:35:26 [43000,51600,6600]
Feb  1 05:35:26 disc_rate_ins=5.1936%
Feb  1 05:35:26 disc_rate_sec=4.5071%
Feb  1 05:36:31 v3=======2023-02-01 14:36:31.767428+09:00=======
Feb  1 05:36:31 [43000,51600,6600]
Feb  1 05:36:31 disc_rate_ins=5.1936%
Feb  1 05:36:31 disc_rate_sec=4.5071%
Feb  1 05:37:37 v3=======2023-02-01 14:37:37.301407+09:00=======
Feb  1 05:37:37 [43000,51600,6600]
Feb  1 05:37:37 disc_rate_ins=5.1936%
Feb  1 05:37:37 disc_rate_sec=4.5071%
Feb  1 05:38:42 v3=======2023-02-01 14:38:42.719683+09:00=======
Feb  1 05:38:42 [43000,51600,6590]
Feb  1 05:38:42 disc_rate_ins=5.1936%
Feb  1 05:38:42 disc_rate_sec=4.6518%
Feb  1 05:39:47 v3=======2023-02-01 14:39:47.571237+09:00=======
Feb  1 05:39:47 [43000,51600,6590]
Feb  1 05:39:47 disc_rate_ins=5.1936%
Feb  1 05:39:47 disc_rate_sec=4.6518%
Feb  1 05:40:53 v3=======2023-02-01 14:40:53.304318+09:00=======
Feb  1 05:40:53 [43000,51600,6590]
Feb  1 05:40:53 disc_rate_ins=5.1936%
Feb  1 05:40:53 disc_rate_sec=4.6518%
Feb  1 05:41:58 v3=======2023-02-01 14:41:58.807648+09:00=======
Feb  1 05:41:58 [42950,51600,6590]
Feb  1 05:41:58 disc_rate_ins=5.0833%
Feb  1 05:41:58 disc_rate_sec=4.5408%
Feb  1 05:43:03 v3=======2023-02-01 14:43:03.801820+09:00=======
Feb  1 05:43:03 [42950,51600,6570]
Feb  1 05:43:03 disc_rate_ins=5.0833%
Feb  1 05:43:03 disc_rate_sec=4.8305%
Feb  1 05:44:08 v3=======2023-02-01 14:44:08.860676+09:00=======
Feb  1 05:44:08 [42950,51600,6570]
Feb  1 05:44:08 disc_rate_ins=5.0833%
Feb  1 05:44:08 disc_rate_sec=4.8305%
Feb  1 05:45:13 v3=======2023-02-01 14:45:13.889932+09:00=======
Feb  1 05:45:13 [42950,51600,6570]
Feb  1 05:45:13 disc_rate_ins=5.0833%
Feb  1 05:45:13 disc_rate_sec=4.8305%
Feb  1 05:46:19 v3=======2023-02-01 14:46:19.080347+09:00=======
Feb  1 05:46:19 [42950,51600,6570]
Feb  1 05:46:19 disc_rate_ins=5.0833%
Feb  1 05:46:19 disc_rate_sec=4.8305%
Feb  1 05:47:24 v3=======2023-02-01 14:47:24.373858+09:00=======
Feb  1 05:47:24 [42950,51600,6570]
Feb  1 05:47:24 disc_rate_ins=5.0833%
Feb  1 05:47:24 disc_rate_sec=4.8305%
Feb  1 05:48:29 v3=======2023-02-01 14:48:29.644829+09:00=======
Feb  1 05:48:29 [42950,51600,6570]
Feb  1 05:48:29 disc_rate_ins=5.0833%
Feb  1 05:48:29 disc_rate_sec=4.8305%
Feb  1 05:49:34 v3=======2023-02-01 14:49:34.676422+09:00=======
Feb  1 05:49:34 [43000,51600,6570]
Feb  1 05:49:34 disc_rate_ins=5.1936%
Feb  1 05:49:34 disc_rate_sec=4.9411%
Feb  1 05:50:40 v3=======2023-02-01 14:50:40.185468+09:00=======
Feb  1 05:50:40 [42900,51600,6570]
Feb  1 05:50:40 disc_rate_ins=4.9726%
Feb  1 05:50:40 disc_rate_sec=4.7195%
Feb  1 05:51:45 v3=======2023-02-01 14:51:45.154831+09:00=======
Feb  1 05:51:45 [43000,51600,6600]
Feb  1 05:51:45 disc_rate_ins=5.1936%
Feb  1 05:51:45 disc_rate_sec=4.5071%
Feb  1 05:52:50 v3=======2023-02-01 14:52:50.122933+09:00=======
Feb  1 05:52:50 [43000,51600,6600]
Feb  1 05:52:50 disc_rate_ins=5.1936%
Feb  1 05:52:50 disc_rate_sec=4.5071%
Feb  1 05:53:55 v3=======2023-02-01 14:53:55.169948+09:00=======
Feb  1 05:53:55 [43000,51600,6590]
Feb  1 05:53:55 disc_rate_ins=5.1936%
Feb  1 05:53:55 disc_rate_sec=4.6518%
Feb  1 05:55:00 v3=======2023-02-01 14:55:00.250775+09:00=======
Feb  1 05:55:00 [43050,51600,6600]
Feb  1 05:55:00 disc_rate_ins=5.3037%
Feb  1 05:55:00 disc_rate_sec=4.6180%
Feb  1 05:56:05 v3=======2023-02-01 14:56:05.329675+09:00=======
Feb  1 05:56:05 [43100,51600,6590]
Feb  1 05:56:05 disc_rate_ins=5.4136%
Feb  1 05:56:05 disc_rate_sec=4.8730%
Feb  1 05:57:10 v3=======2023-02-01 14:57:10.354316+09:00=======
Feb  1 05:57:10 [43100,51600,6600]
Feb  1 05:57:10 disc_rate_ins=5.4136%
Feb  1 05:57:10 disc_rate_sec=4.7286%
Feb  1 05:58:15 v3=======2023-02-01 14:58:15.207438+09:00=======
Feb  1 05:58:15 [43100,51600,6590]
Feb  1 05:58:15 disc_rate_ins=5.4136%
Feb  1 05:58:15 disc_rate_sec=4.8730%
Feb  1 05:59:19 v3=======2023-02-01 14:59:19.933550+09:00=======
Feb  1 05:59:19 [43100,51600,6590]
Feb  1 05:59:19 disc_rate_ins=5.4136%
Feb  1 05:59:19 disc_rate_sec=4.8730%
Feb  1 06:00:25 v3=======2023-02-01 15:00:25.053289+09:00=======
Feb  1 06:00:25 [43100,51600,6590]
Feb  1 06:00:25 disc_rate_ins=5.4136%
Feb  1 06:00:25 disc_rate_sec=4.8730%
Feb  1 06:01:30 v3=======2023-02-01 15:01:30.403763+09:00=======
Feb  1 06:01:30 [43100,51600,6580]
Feb  1 06:01:30 disc_rate_ins=5.4136%
Feb  1 06:01:30 disc_rate_sec=5.0173%
Feb  1 06:02:35 v3=======2023-02-01 15:02:35.235380+09:00=======
Feb  1 06:02:35 [43050,51600,6580]
Feb  1 06:02:35 disc_rate_ins=5.3037%
Feb  1 06:02:35 disc_rate_sec=4.9070%
Feb  1 06:03:40 v3=======2023-02-01 15:03:40.262114+09:00=======
Feb  1 06:03:40 [43000,51600,6580]
Feb  1 06:03:40 disc_rate_ins=5.1936%
Feb  1 06:03:40 disc_rate_sec=4.7964%
Feb  1 06:04:45 v3=======2023-02-01 15:04:45.588675+09:00=======
Feb  1 06:04:45 [42950,51600,6580]
Feb  1 06:04:45 disc_rate_ins=5.0833%
Feb  1 06:04:45 disc_rate_sec=4.6856%
Feb  1 06:05:50 v3=======2023-02-01 15:05:50.525290+09:00=======
Feb  1 06:05:50 [43000,51600,6580]
Feb  1 06:05:50 disc_rate_ins=5.1936%
Feb  1 06:05:50 disc_rate_sec=4.7964%
Feb  1 06:06:55 v3=======2023-02-01 15:06:55.617819+09:00=======
Feb  1 06:06:55 [42950,51600,6590]
Feb  1 06:06:55 disc_rate_ins=5.0833%
Feb  1 06:06:55 disc_rate_sec=4.5408%
Feb  1 06:08:00 v3=======2023-02-01 15:08:00.641601+09:00=======
Feb  1 06:08:00 [43000,51600,6600]
Feb  1 06:08:00 disc_rate_ins=5.1936%
Feb  1 06:08:00 disc_rate_sec=4.5071%
Feb  1 06:09:06 v3=======2023-02-01 15:09:06.147102+09:00=======
Feb  1 06:09:06 [43000,51600,6580]
Feb  1 06:09:06 disc_rate_ins=5.1936%
Feb  1 06:09:06 disc_rate_sec=4.7964%
Feb  1 06:10:11 v3=======2023-02-01 15:10:11.476063+09:00=======
Feb  1 06:10:11 [43150,51600,6590]
Feb  1 06:10:11 disc_rate_ins=5.5232%
Feb  1 06:10:11 disc_rate_sec=4.9832%
Feb  1 06:11:16 v3=======2023-02-01 15:11:16.766204+09:00=======
Feb  1 06:11:16 [43050,51600,6590]
Feb  1 06:11:16 disc_rate_ins=5.3037%
Feb  1 06:11:16 disc_rate_sec=4.7625%
Feb  1 06:12:22 v3=======2023-02-01 15:12:22.103368+09:00=======
Feb  1 06:12:22 [43100,51600,6590]
Feb  1 06:12:22 disc_rate_ins=5.4136%
Feb  1 06:12:22 disc_rate_sec=4.8730%
Feb  1 06:13:27 v3=======2023-02-01 15:13:27.116313+09:00=======
Feb  1 06:13:27 [43100,51600,6600]
Feb  1 06:13:27 disc_rate_ins=5.4136%
Feb  1 06:13:27 disc_rate_sec=4.7286%
Feb  1 06:14:32 v3=======2023-02-01 15:14:32.086122+09:00=======
Feb  1 06:14:32 [43100,51600,6620]
Feb  1 06:14:32 disc_rate_ins=5.4136%
Feb  1 06:14:32 disc_rate_sec=4.4399%
Feb  1 06:15:37 v3=======2023-02-01 15:15:37.387341+09:00=======
Feb  1 06:15:37 [43100,51600,6600]
Feb  1 06:15:37 disc_rate_ins=5.4136%
Feb  1 06:15:37 disc_rate_sec=4.7286%
Feb  1 06:16:42 v3=======2023-02-01 15:16:42.603682+09:00=======
Feb  1 06:16:42 [43150,51600,6610]
Feb  1 06:16:42 disc_rate_ins=5.5232%
Feb  1 06:16:42 disc_rate_sec=4.6948%
Feb  1 06:17:47 v3=======2023-02-01 15:17:47.919069+09:00=======
Feb  1 06:17:47 [43100,51600,6600]
Feb  1 06:17:47 disc_rate_ins=5.4136%
Feb  1 06:17:47 disc_rate_sec=4.7286%
Feb  1 06:18:52 v3=======2023-02-01 15:18:52.842999+09:00=======
Feb  1 06:18:52 [43150,51600,6600]
Feb  1 06:18:52 disc_rate_ins=5.5232%
Feb  1 06:18:52 disc_rate_sec=4.8390%
Feb  1 06:19:57 v3=======2023-02-01 15:19:57.810841+09:00=======
Feb  1 06:19:57 [43150,51600,6630]
Feb  1 06:19:57 disc_rate_ins=5.5232%
Feb  1 06:19:57 disc_rate_sec=4.4065%
Feb  1 06:21:03 v3=======2023-02-01 15:21:03.236910+09:00=======
Feb  1 06:21:03 [43200,51600,6640]
Feb  1 06:21:03 disc_rate_ins=5.6326%
Feb  1 06:21:03 disc_rate_sec=4.3731%
Feb  1 06:22:08 v3=======2023-02-01 15:22:08.900124+09:00=======
Feb  1 06:22:08 [43200,51600,6640]
Feb  1 06:22:08 disc_rate_ins=5.6326%
Feb  1 06:22:08 disc_rate_sec=4.3731%
Feb  1 06:23:14 v3=======2023-02-01 15:23:14.178872+09:00=======
Feb  1 06:23:14 [43200,51600,6640]
Feb  1 06:23:14 disc_rate_ins=5.6326%
Feb  1 06:23:14 disc_rate_sec=4.3731%
Feb  1 06:24:19 v3=======2023-02-01 15:24:19.305096+09:00=======
Feb  1 06:24:19 [43200,51600,6640]
Feb  1 06:24:19 disc_rate_ins=5.6326%
Feb  1 06:24:19 disc_rate_sec=4.3731%
Feb  1 06:25:24 v3=======2023-02-01 15:25:24.473281+09:00=======
Feb  1 06:25:24 [43200,51600,6640]
Feb  1 06:25:24 disc_rate_ins=5.6326%
Feb  1 06:25:24 disc_rate_sec=4.3731%
Feb  1 06:26:29 v3=======2023-02-01 15:26:29.575478+09:00=======
Feb  1 06:26:29 [43200,51600,6640]
Feb  1 06:26:29 disc_rate_ins=5.6326%
Feb  1 06:26:29 disc_rate_sec=4.3731%
Feb  1 06:27:34 v3=======2023-02-01 15:27:34.640867+09:00=======
Feb  1 06:27:34 [43200,51600,6640]
Feb  1 06:27:34 disc_rate_ins=5.6326%
Feb  1 06:27:34 disc_rate_sec=4.3731%
Feb  1 06:28:40 v3=======2023-02-01 15:28:40.188728+09:00=======
Feb  1 06:28:40 [43200,51600,6640]
Feb  1 06:28:40 disc_rate_ins=5.6326%
Feb  1 06:28:40 disc_rate_sec=4.3731%
Feb  1 06:29:45 v3=======2023-02-01 15:29:45.343309+09:00=======
Feb  1 06:29:45 [43200,51600,6640]
Feb  1 06:29:45 disc_rate_ins=5.6326%
Feb  1 06:29:45 disc_rate_sec=4.3731%
Feb  1 06:30:50 v3=======2023-02-01 15:30:50.490532+09:00=======
Feb  1 06:30:50 [43950,51600,6640]
Feb  1 06:30:50 disc_rate_ins=7.2429%
Feb  1 06:30:50 disc_rate_sec=6.0050%
Feb  1 06:31:55 v3=======2023-02-01 15:31:55.613424+09:00=======
Feb  1 06:31:55 [43950,51600,6640]
Feb  1 06:31:55 disc_rate_ins=7.2429%
Feb  1 06:31:55 disc_rate_sec=6.0050%
Feb  1 06:33:00 v3=======2023-02-01 15:33:00.509675+09:00=======
Feb  1 06:33:00 [43950,51600,6640]
Feb  1 06:33:00 disc_rate_ins=7.2429%
Feb  1 06:33:00 disc_rate_sec=6.0050%
Feb  1 06:34:06 v3=======2023-02-01 15:34:06.042072+09:00=======
Feb  1 06:34:06 [43950,51600,6640]
Feb  1 06:34:06 disc_rate_ins=7.2429%
Feb  1 06:34:06 disc_rate_sec=6.0050%
Feb  1 06:35:10 v3=======2023-02-01 15:35:10.872886+09:00=======
Feb  1 06:35:10 [43950,51600,6640]
Feb  1 06:35:10 disc_rate_ins=7.2429%
Feb  1 06:35:10 disc_rate_sec=6.0050%
Feb  1 06:36:15 v3=======2023-02-01 15:36:15.807659+09:00=======
Feb  1 06:36:15 [43950,51600,6640]
Feb  1 06:36:15 disc_rate_ins=7.2429%
Feb  1 06:36:15 disc_rate_sec=6.0050%
Feb  1 06:37:21 v3=======2023-02-01 15:37:21.079191+09:00=======
Feb  1 06:37:21 [43950,51600,6640]
Feb  1 06:37:21 disc_rate_ins=7.2429%
Feb  1 06:37:21 disc_rate_sec=6.0050%
Feb  1 06:38:25 v3=======2023-02-01 15:38:25.881857+09:00=======
Feb  1 06:38:25 [43950,51600,6640]
Feb  1 06:38:25 disc_rate_ins=7.2429%
Feb  1 06:38:25 disc_rate_sec=6.0050%
Feb  1 06:39:30 v3=======2023-02-01 15:39:30.998033+09:00=======
Feb  1 06:39:30 [43950,51600,6640]
Feb  1 06:39:30 disc_rate_ins=7.2429%
Feb  1 06:39:30 disc_rate_sec=6.0050%
Feb  1 06:40:35 v3=======2023-02-01 15:40:35.982316+09:00=======
Feb  1 06:40:35 [43950,51600,6640]
Feb  1 06:40:35 disc_rate_ins=7.2429%
Feb  1 06:40:35 disc_rate_sec=6.0050%
Feb  1 06:41:41 v3=======2023-02-01 15:41:41.044792+09:00=======
Feb  1 06:41:41 [43950,51600,6640]
Feb  1 06:41:41 disc_rate_ins=7.2429%
Feb  1 06:41:41 disc_rate_sec=6.0050%
Feb  1 06:42:46 v3=======2023-02-01 15:42:46.279646+09:00=======
Feb  1 06:42:46 [43950,51600,6640]
Feb  1 06:42:46 disc_rate_ins=7.2429%
Feb  1 06:42:46 disc_rate_sec=6.0050%
Feb  1 06:43:51 v3=======2023-02-01 15:43:51.222013+09:00=======
Feb  1 06:43:51 [43950,51600,6640]
Feb  1 06:43:51 disc_rate_ins=7.2429%
Feb  1 06:43:51 disc_rate_sec=6.0050%
Feb  1 06:44:56 v3=======2023-02-01 15:44:56.315615+09:00=======
Feb  1 06:44:56 [43950,51600,6640]
Feb  1 06:44:56 disc_rate_ins=7.2429%
Feb  1 06:44:56 disc_rate_sec=6.0050%
Feb  1 06:46:01 v3=======2023-02-01 15:46:01.726438+09:00=======
Feb  1 06:46:01 [43950,51600,6640]
Feb  1 06:46:01 disc_rate_ins=7.2429%
Feb  1 06:46:01 disc_rate_sec=6.0050%
Feb  1 06:47:06 v3=======2023-02-01 15:47:06.871670+09:00=======
Feb  1 06:47:06 [43950,51600,6640]
Feb  1 06:47:06 disc_rate_ins=7.2429%
Feb  1 06:47:06 disc_rate_sec=6.0050%
Feb  1 06:48:12 v3=======2023-02-01 15:48:12.402010+09:00=======
Feb  1 06:48:12 [43950,51600,6640]
Feb  1 06:48:12 disc_rate_ins=7.2429%
Feb  1 06:48:12 disc_rate_sec=6.0050%
Feb  1 06:49:17 v3=======2023-02-01 15:49:17.707937+09:00=======
Feb  1 06:49:17 [43950,51600,6640]
Feb  1 06:49:17 disc_rate_ins=7.2429%
Feb  1 06:49:17 disc_rate_sec=6.0050%
Feb  1 06:50:22 v3=======2023-02-01 15:50:22.539342+09:00=======
Feb  1 06:50:22 [43950,51600,6640]
Feb  1 06:50:22 disc_rate_ins=7.2429%
Feb  1 06:50:22 disc_rate_sec=6.0050%
Feb  1 06:51:27 v3=======2023-02-01 15:51:27.654619+09:00=======
Feb  1 06:51:27 [43950,51600,6640]
Feb  1 06:51:27 disc_rate_ins=7.2429%
Feb  1 06:51:27 disc_rate_sec=6.0050%
Feb  1 06:52:32 v3=======2023-02-01 15:52:32.579778+09:00=======
Feb  1 06:52:32 [43950,51600,6640]
Feb  1 06:52:32 disc_rate_ins=7.2429%
Feb  1 06:52:32 disc_rate_sec=6.0050%
Feb  1 06:53:37 v3=======2023-02-01 15:53:37.874471+09:00=======
Feb  1 06:53:37 [43950,51600,6640]
Feb  1 06:53:37 disc_rate_ins=7.2429%
Feb  1 06:53:37 disc_rate_sec=6.0050%
